 
****************************************
Report : area
Design : self_attention_top_K_MACRO_COLUMN16_K_MACRO_ROW64_V_MACRO_COLUMN256_V_MACRO_ROW4
Version: O-2018.06-SP5-5
Date   : Mon Jun 30 07:20:11 2025
****************************************

Library(s) Used:

    tcbn28hpcplusbwp30p140hvtssg0p81v125c (File: /yuhome/cunsuan/yangjiaqi/Digital_code/m3d_self_attention_500MHz_deisgn_space/lib/tcbn28hpcplusbwp30p140hvtssg0p81v125c.db)

Number of ports:                        39912
Number of nets:                        907149
Number of cells:                       881951
Number of combinational cells:         576843
Number of sequential cells:            298236
Number of macros/black boxes:               0
Number of buf/inv:                      11892
Number of references:                      59

Combinational area:             389916.570404
Buf/Inv area:                     3353.364019
Noncombinational area:          567289.543441
Macro/Black Box area:                0.000000
Net Interconnect area:      undefined  (Wire load has zero net area)

Total cell area:                957206.113845
Total area:                 undefined

Information: This design contains black box (unknown) components. (RPT-8)

Hierarchical area distribution
------------------------------

                                  Global cell area              Local cell area
                                  --------------------  -------------------------------- 
Hierarchical cell                 Absolute     Percent  Combi-       Noncombi-    Black-
                                  Total        Total    national     national     boxes   Design
--------------------------------  -----------  -------  -----------  -----------  ------  --------------------------------------------------------------------------------------------------------------------------------------------------------------------------------------------------------------------------------------------------------------
self_attention_top_K_MACRO_COLUMN16_K_MACRO_ROW64_V_MACRO_COLUMN256_V_MACRO_ROW4 957206.1138   100.0   1204.1820    194.1660 0.0000 self_attention_top_K_MACRO_COLUMN16_K_MACRO_ROW64_V_MACRO_COLUMN256_V_MACRO_ROW4
GEMV_shared_block1_inst             1390.7880      0.1       6.8040       0.0000  0.0000  GEMV_shared_block1_EXP_WIDTH8_MANTISSA_WIDTH7_SIGN_WIDTH1_FP_WIDTH16_CMP_STAGES_PER_REG2_PARALLEL_ROW16_MACRO_DATA_WIDTH4
GEMV_shared_block1_inst/data_wr_exp_pre_align_0__u_pre_align_wr_data    427.6440     0.0      0.0000     23.1840 0.0000 pre_align_EXP_WIDTH8_MANTISSA_WIDTH7_SIGN_WIDTH1_FP_WIDTH16_MACRO_DATA_WIDTH4_CMP_STAGES_PER_REG2_15
GEMV_shared_block1_inst/data_wr_exp_pre_align_0__u_pre_align_wr_data/u_cmp_exp_shift    122.3460     0.0     74.2140      0.0000 0.0000 cmp_exp_shift_MACRO_DATA_WIDTH4_CMP_STAGES_PER_REG2_EXP_WIDTH8_MANTISSA_WIDTH7_SIGN_WIDTH1_FP_WIDTH16_15
GEMV_shared_block1_inst/data_wr_exp_pre_align_0__u_pre_align_wr_data/u_cmp_exp_shift/cmp_tree_inst     48.1320     0.0     48.1320      0.0000 0.0000 cmp_tree_INPUT_WIDTH8_INPUT_NUM4_15
GEMV_shared_block1_inst/data_wr_exp_pre_align_0__u_pre_align_wr_data/u_mantissa_shift_inst    282.1140     0.0    175.5180    106.5960 0.0000 mantissa_shift_MACRO_DATA_WIDTH4_SIGN_WIDTH1_MANTISSA_WIDTH7_EXP_WIDTH8_15
GEMV_shared_block1_inst/data_wr_exp_pre_align_10__u_pre_align_wr_data     63.7560     0.0      0.0000     23.1840 0.0000 pre_align_EXP_WIDTH8_MANTISSA_WIDTH7_SIGN_WIDTH1_FP_WIDTH16_MACRO_DATA_WIDTH4_CMP_STAGES_PER_REG2_5
GEMV_shared_block1_inst/data_wr_exp_pre_align_10__u_pre_align_wr_data/u_cmp_exp_shift     37.1700     0.0      0.0000      0.0000 0.0000 cmp_exp_shift_MACRO_DATA_WIDTH4_CMP_STAGES_PER_REG2_EXP_WIDTH8_MANTISSA_WIDTH7_SIGN_WIDTH1_FP_WIDTH16_5
GEMV_shared_block1_inst/data_wr_exp_pre_align_10__u_pre_align_wr_data/u_cmp_exp_shift/cmp_tree_inst     37.1700     0.0     37.1700      0.0000 0.0000 cmp_tree_INPUT_WIDTH8_INPUT_NUM4_5
GEMV_shared_block1_inst/data_wr_exp_pre_align_10__u_pre_align_wr_data/u_mantissa_shift_inst      3.4020     0.0      0.5040      2.8980 0.0000 mantissa_shift_MACRO_DATA_WIDTH4_SIGN_WIDTH1_MANTISSA_WIDTH7_EXP_WIDTH8_5
GEMV_shared_block1_inst/data_wr_exp_pre_align_11__u_pre_align_wr_data     63.7560     0.0      0.0000     23.1840 0.0000 pre_align_EXP_WIDTH8_MANTISSA_WIDTH7_SIGN_WIDTH1_FP_WIDTH16_MACRO_DATA_WIDTH4_CMP_STAGES_PER_REG2_4
GEMV_shared_block1_inst/data_wr_exp_pre_align_11__u_pre_align_wr_data/u_cmp_exp_shift     37.1700     0.0      0.0000      0.0000 0.0000 cmp_exp_shift_MACRO_DATA_WIDTH4_CMP_STAGES_PER_REG2_EXP_WIDTH8_MANTISSA_WIDTH7_SIGN_WIDTH1_FP_WIDTH16_4
GEMV_shared_block1_inst/data_wr_exp_pre_align_11__u_pre_align_wr_data/u_cmp_exp_shift/cmp_tree_inst     37.1700     0.0     37.1700      0.0000 0.0000 cmp_tree_INPUT_WIDTH8_INPUT_NUM4_4
GEMV_shared_block1_inst/data_wr_exp_pre_align_11__u_pre_align_wr_data/u_mantissa_shift_inst      3.4020     0.0      0.5040      2.8980 0.0000 mantissa_shift_MACRO_DATA_WIDTH4_SIGN_WIDTH1_MANTISSA_WIDTH7_EXP_WIDTH8_4
GEMV_shared_block1_inst/data_wr_exp_pre_align_12__u_pre_align_wr_data     63.7560     0.0      0.0000     23.1840 0.0000 pre_align_EXP_WIDTH8_MANTISSA_WIDTH7_SIGN_WIDTH1_FP_WIDTH16_MACRO_DATA_WIDTH4_CMP_STAGES_PER_REG2_3
GEMV_shared_block1_inst/data_wr_exp_pre_align_12__u_pre_align_wr_data/u_cmp_exp_shift     37.1700     0.0      0.0000      0.0000 0.0000 cmp_exp_shift_MACRO_DATA_WIDTH4_CMP_STAGES_PER_REG2_EXP_WIDTH8_MANTISSA_WIDTH7_SIGN_WIDTH1_FP_WIDTH16_3
GEMV_shared_block1_inst/data_wr_exp_pre_align_12__u_pre_align_wr_data/u_cmp_exp_shift/cmp_tree_inst     37.1700     0.0     37.1700      0.0000 0.0000 cmp_tree_INPUT_WIDTH8_INPUT_NUM4_3
GEMV_shared_block1_inst/data_wr_exp_pre_align_12__u_pre_align_wr_data/u_mantissa_shift_inst      3.4020     0.0      0.5040      2.8980 0.0000 mantissa_shift_MACRO_DATA_WIDTH4_SIGN_WIDTH1_MANTISSA_WIDTH7_EXP_WIDTH8_3
GEMV_shared_block1_inst/data_wr_exp_pre_align_13__u_pre_align_wr_data     63.7560     0.0      0.0000     23.1840 0.0000 pre_align_EXP_WIDTH8_MANTISSA_WIDTH7_SIGN_WIDTH1_FP_WIDTH16_MACRO_DATA_WIDTH4_CMP_STAGES_PER_REG2_2
GEMV_shared_block1_inst/data_wr_exp_pre_align_13__u_pre_align_wr_data/u_cmp_exp_shift     37.1700     0.0      0.0000      0.0000 0.0000 cmp_exp_shift_MACRO_DATA_WIDTH4_CMP_STAGES_PER_REG2_EXP_WIDTH8_MANTISSA_WIDTH7_SIGN_WIDTH1_FP_WIDTH16_2
GEMV_shared_block1_inst/data_wr_exp_pre_align_13__u_pre_align_wr_data/u_cmp_exp_shift/cmp_tree_inst     37.1700     0.0     37.1700      0.0000 0.0000 cmp_tree_INPUT_WIDTH8_INPUT_NUM4_2
GEMV_shared_block1_inst/data_wr_exp_pre_align_13__u_pre_align_wr_data/u_mantissa_shift_inst      3.4020     0.0      0.5040      2.8980 0.0000 mantissa_shift_MACRO_DATA_WIDTH4_SIGN_WIDTH1_MANTISSA_WIDTH7_EXP_WIDTH8_2
GEMV_shared_block1_inst/data_wr_exp_pre_align_14__u_pre_align_wr_data     63.7560     0.0      0.0000     23.1840 0.0000 pre_align_EXP_WIDTH8_MANTISSA_WIDTH7_SIGN_WIDTH1_FP_WIDTH16_MACRO_DATA_WIDTH4_CMP_STAGES_PER_REG2_1
GEMV_shared_block1_inst/data_wr_exp_pre_align_14__u_pre_align_wr_data/u_cmp_exp_shift     37.1700     0.0      0.0000      0.0000 0.0000 cmp_exp_shift_MACRO_DATA_WIDTH4_CMP_STAGES_PER_REG2_EXP_WIDTH8_MANTISSA_WIDTH7_SIGN_WIDTH1_FP_WIDTH16_1
GEMV_shared_block1_inst/data_wr_exp_pre_align_14__u_pre_align_wr_data/u_cmp_exp_shift/cmp_tree_inst     37.1700     0.0     37.1700      0.0000 0.0000 cmp_tree_INPUT_WIDTH8_INPUT_NUM4_1
GEMV_shared_block1_inst/data_wr_exp_pre_align_14__u_pre_align_wr_data/u_mantissa_shift_inst      3.4020     0.0      0.5040      2.8980 0.0000 mantissa_shift_MACRO_DATA_WIDTH4_SIGN_WIDTH1_MANTISSA_WIDTH7_EXP_WIDTH8_1
GEMV_shared_block1_inst/data_wr_exp_pre_align_15__u_pre_align_wr_data     63.7560     0.0      0.0000     23.1840 0.0000 pre_align_EXP_WIDTH8_MANTISSA_WIDTH7_SIGN_WIDTH1_FP_WIDTH16_MACRO_DATA_WIDTH4_CMP_STAGES_PER_REG2_0
GEMV_shared_block1_inst/data_wr_exp_pre_align_15__u_pre_align_wr_data/u_cmp_exp_shift     37.1700     0.0      0.0000      0.0000 0.0000 cmp_exp_shift_MACRO_DATA_WIDTH4_CMP_STAGES_PER_REG2_EXP_WIDTH8_MANTISSA_WIDTH7_SIGN_WIDTH1_FP_WIDTH16_0
GEMV_shared_block1_inst/data_wr_exp_pre_align_15__u_pre_align_wr_data/u_cmp_exp_shift/cmp_tree_inst     37.1700     0.0     37.1700      0.0000 0.0000 cmp_tree_INPUT_WIDTH8_INPUT_NUM4_0
GEMV_shared_block1_inst/data_wr_exp_pre_align_15__u_pre_align_wr_data/u_mantissa_shift_inst      3.4020     0.0      0.5040      2.8980 0.0000 mantissa_shift_MACRO_DATA_WIDTH4_SIGN_WIDTH1_MANTISSA_WIDTH7_EXP_WIDTH8_0
GEMV_shared_block1_inst/data_wr_exp_pre_align_1__u_pre_align_wr_data     63.7560     0.0      0.0000     23.1840 0.0000 pre_align_EXP_WIDTH8_MANTISSA_WIDTH7_SIGN_WIDTH1_FP_WIDTH16_MACRO_DATA_WIDTH4_CMP_STAGES_PER_REG2_14
GEMV_shared_block1_inst/data_wr_exp_pre_align_1__u_pre_align_wr_data/u_cmp_exp_shift     37.1700     0.0      0.0000      0.0000 0.0000 cmp_exp_shift_MACRO_DATA_WIDTH4_CMP_STAGES_PER_REG2_EXP_WIDTH8_MANTISSA_WIDTH7_SIGN_WIDTH1_FP_WIDTH16_14
GEMV_shared_block1_inst/data_wr_exp_pre_align_1__u_pre_align_wr_data/u_cmp_exp_shift/cmp_tree_inst     37.1700     0.0     37.1700      0.0000 0.0000 cmp_tree_INPUT_WIDTH8_INPUT_NUM4_14
GEMV_shared_block1_inst/data_wr_exp_pre_align_1__u_pre_align_wr_data/u_mantissa_shift_inst      3.4020     0.0      0.5040      2.8980 0.0000 mantissa_shift_MACRO_DATA_WIDTH4_SIGN_WIDTH1_MANTISSA_WIDTH7_EXP_WIDTH8_14
GEMV_shared_block1_inst/data_wr_exp_pre_align_2__u_pre_align_wr_data     63.7560     0.0      0.0000     23.1840 0.0000 pre_align_EXP_WIDTH8_MANTISSA_WIDTH7_SIGN_WIDTH1_FP_WIDTH16_MACRO_DATA_WIDTH4_CMP_STAGES_PER_REG2_13
GEMV_shared_block1_inst/data_wr_exp_pre_align_2__u_pre_align_wr_data/u_cmp_exp_shift     37.1700     0.0      0.0000      0.0000 0.0000 cmp_exp_shift_MACRO_DATA_WIDTH4_CMP_STAGES_PER_REG2_EXP_WIDTH8_MANTISSA_WIDTH7_SIGN_WIDTH1_FP_WIDTH16_13
GEMV_shared_block1_inst/data_wr_exp_pre_align_2__u_pre_align_wr_data/u_cmp_exp_shift/cmp_tree_inst     37.1700     0.0     37.1700      0.0000 0.0000 cmp_tree_INPUT_WIDTH8_INPUT_NUM4_13
GEMV_shared_block1_inst/data_wr_exp_pre_align_2__u_pre_align_wr_data/u_mantissa_shift_inst      3.4020     0.0      0.5040      2.8980 0.0000 mantissa_shift_MACRO_DATA_WIDTH4_SIGN_WIDTH1_MANTISSA_WIDTH7_EXP_WIDTH8_13
GEMV_shared_block1_inst/data_wr_exp_pre_align_3__u_pre_align_wr_data     63.7560     0.0      0.0000     23.1840 0.0000 pre_align_EXP_WIDTH8_MANTISSA_WIDTH7_SIGN_WIDTH1_FP_WIDTH16_MACRO_DATA_WIDTH4_CMP_STAGES_PER_REG2_12
GEMV_shared_block1_inst/data_wr_exp_pre_align_3__u_pre_align_wr_data/u_cmp_exp_shift     37.1700     0.0      0.0000      0.0000 0.0000 cmp_exp_shift_MACRO_DATA_WIDTH4_CMP_STAGES_PER_REG2_EXP_WIDTH8_MANTISSA_WIDTH7_SIGN_WIDTH1_FP_WIDTH16_12
GEMV_shared_block1_inst/data_wr_exp_pre_align_3__u_pre_align_wr_data/u_cmp_exp_shift/cmp_tree_inst     37.1700     0.0     37.1700      0.0000 0.0000 cmp_tree_INPUT_WIDTH8_INPUT_NUM4_12
GEMV_shared_block1_inst/data_wr_exp_pre_align_3__u_pre_align_wr_data/u_mantissa_shift_inst      3.4020     0.0      0.5040      2.8980 0.0000 mantissa_shift_MACRO_DATA_WIDTH4_SIGN_WIDTH1_MANTISSA_WIDTH7_EXP_WIDTH8_12
GEMV_shared_block1_inst/data_wr_exp_pre_align_4__u_pre_align_wr_data     63.7560     0.0      0.0000     23.1840 0.0000 pre_align_EXP_WIDTH8_MANTISSA_WIDTH7_SIGN_WIDTH1_FP_WIDTH16_MACRO_DATA_WIDTH4_CMP_STAGES_PER_REG2_11
GEMV_shared_block1_inst/data_wr_exp_pre_align_4__u_pre_align_wr_data/u_cmp_exp_shift     37.1700     0.0      0.0000      0.0000 0.0000 cmp_exp_shift_MACRO_DATA_WIDTH4_CMP_STAGES_PER_REG2_EXP_WIDTH8_MANTISSA_WIDTH7_SIGN_WIDTH1_FP_WIDTH16_11
GEMV_shared_block1_inst/data_wr_exp_pre_align_4__u_pre_align_wr_data/u_cmp_exp_shift/cmp_tree_inst     37.1700     0.0     37.1700      0.0000 0.0000 cmp_tree_INPUT_WIDTH8_INPUT_NUM4_11
GEMV_shared_block1_inst/data_wr_exp_pre_align_4__u_pre_align_wr_data/u_mantissa_shift_inst      3.4020     0.0      0.5040      2.8980 0.0000 mantissa_shift_MACRO_DATA_WIDTH4_SIGN_WIDTH1_MANTISSA_WIDTH7_EXP_WIDTH8_11
GEMV_shared_block1_inst/data_wr_exp_pre_align_5__u_pre_align_wr_data     63.7560     0.0      0.0000     23.1840 0.0000 pre_align_EXP_WIDTH8_MANTISSA_WIDTH7_SIGN_WIDTH1_FP_WIDTH16_MACRO_DATA_WIDTH4_CMP_STAGES_PER_REG2_10
GEMV_shared_block1_inst/data_wr_exp_pre_align_5__u_pre_align_wr_data/u_cmp_exp_shift     37.1700     0.0      0.0000      0.0000 0.0000 cmp_exp_shift_MACRO_DATA_WIDTH4_CMP_STAGES_PER_REG2_EXP_WIDTH8_MANTISSA_WIDTH7_SIGN_WIDTH1_FP_WIDTH16_10
GEMV_shared_block1_inst/data_wr_exp_pre_align_5__u_pre_align_wr_data/u_cmp_exp_shift/cmp_tree_inst     37.1700     0.0     37.1700      0.0000 0.0000 cmp_tree_INPUT_WIDTH8_INPUT_NUM4_10
GEMV_shared_block1_inst/data_wr_exp_pre_align_5__u_pre_align_wr_data/u_mantissa_shift_inst      3.4020     0.0      0.5040      2.8980 0.0000 mantissa_shift_MACRO_DATA_WIDTH4_SIGN_WIDTH1_MANTISSA_WIDTH7_EXP_WIDTH8_10
GEMV_shared_block1_inst/data_wr_exp_pre_align_6__u_pre_align_wr_data     63.7560     0.0      0.0000     23.1840 0.0000 pre_align_EXP_WIDTH8_MANTISSA_WIDTH7_SIGN_WIDTH1_FP_WIDTH16_MACRO_DATA_WIDTH4_CMP_STAGES_PER_REG2_9
GEMV_shared_block1_inst/data_wr_exp_pre_align_6__u_pre_align_wr_data/u_cmp_exp_shift     37.1700     0.0      0.0000      0.0000 0.0000 cmp_exp_shift_MACRO_DATA_WIDTH4_CMP_STAGES_PER_REG2_EXP_WIDTH8_MANTISSA_WIDTH7_SIGN_WIDTH1_FP_WIDTH16_9
GEMV_shared_block1_inst/data_wr_exp_pre_align_6__u_pre_align_wr_data/u_cmp_exp_shift/cmp_tree_inst     37.1700     0.0     37.1700      0.0000 0.0000 cmp_tree_INPUT_WIDTH8_INPUT_NUM4_9
GEMV_shared_block1_inst/data_wr_exp_pre_align_6__u_pre_align_wr_data/u_mantissa_shift_inst      3.4020     0.0      0.5040      2.8980 0.0000 mantissa_shift_MACRO_DATA_WIDTH4_SIGN_WIDTH1_MANTISSA_WIDTH7_EXP_WIDTH8_9
GEMV_shared_block1_inst/data_wr_exp_pre_align_7__u_pre_align_wr_data     63.7560     0.0      0.0000     23.1840 0.0000 pre_align_EXP_WIDTH8_MANTISSA_WIDTH7_SIGN_WIDTH1_FP_WIDTH16_MACRO_DATA_WIDTH4_CMP_STAGES_PER_REG2_8
GEMV_shared_block1_inst/data_wr_exp_pre_align_7__u_pre_align_wr_data/u_cmp_exp_shift     37.1700     0.0      0.0000      0.0000 0.0000 cmp_exp_shift_MACRO_DATA_WIDTH4_CMP_STAGES_PER_REG2_EXP_WIDTH8_MANTISSA_WIDTH7_SIGN_WIDTH1_FP_WIDTH16_8
GEMV_shared_block1_inst/data_wr_exp_pre_align_7__u_pre_align_wr_data/u_cmp_exp_shift/cmp_tree_inst     37.1700     0.0     37.1700      0.0000 0.0000 cmp_tree_INPUT_WIDTH8_INPUT_NUM4_8
GEMV_shared_block1_inst/data_wr_exp_pre_align_7__u_pre_align_wr_data/u_mantissa_shift_inst      3.4020     0.0      0.5040      2.8980 0.0000 mantissa_shift_MACRO_DATA_WIDTH4_SIGN_WIDTH1_MANTISSA_WIDTH7_EXP_WIDTH8_8
GEMV_shared_block1_inst/data_wr_exp_pre_align_8__u_pre_align_wr_data     63.7560     0.0      0.0000     23.1840 0.0000 pre_align_EXP_WIDTH8_MANTISSA_WIDTH7_SIGN_WIDTH1_FP_WIDTH16_MACRO_DATA_WIDTH4_CMP_STAGES_PER_REG2_7
GEMV_shared_block1_inst/data_wr_exp_pre_align_8__u_pre_align_wr_data/u_cmp_exp_shift     37.1700     0.0      0.0000      0.0000 0.0000 cmp_exp_shift_MACRO_DATA_WIDTH4_CMP_STAGES_PER_REG2_EXP_WIDTH8_MANTISSA_WIDTH7_SIGN_WIDTH1_FP_WIDTH16_7
GEMV_shared_block1_inst/data_wr_exp_pre_align_8__u_pre_align_wr_data/u_cmp_exp_shift/cmp_tree_inst     37.1700     0.0     37.1700      0.0000 0.0000 cmp_tree_INPUT_WIDTH8_INPUT_NUM4_7
GEMV_shared_block1_inst/data_wr_exp_pre_align_8__u_pre_align_wr_data/u_mantissa_shift_inst      3.4020     0.0      0.5040      2.8980 0.0000 mantissa_shift_MACRO_DATA_WIDTH4_SIGN_WIDTH1_MANTISSA_WIDTH7_EXP_WIDTH8_7
GEMV_shared_block1_inst/data_wr_exp_pre_align_9__u_pre_align_wr_data     63.7560     0.0      0.0000     23.1840 0.0000 pre_align_EXP_WIDTH8_MANTISSA_WIDTH7_SIGN_WIDTH1_FP_WIDTH16_MACRO_DATA_WIDTH4_CMP_STAGES_PER_REG2_6
GEMV_shared_block1_inst/data_wr_exp_pre_align_9__u_pre_align_wr_data/u_cmp_exp_shift     37.1700     0.0      0.0000      0.0000 0.0000 cmp_exp_shift_MACRO_DATA_WIDTH4_CMP_STAGES_PER_REG2_EXP_WIDTH8_MANTISSA_WIDTH7_SIGN_WIDTH1_FP_WIDTH16_6
GEMV_shared_block1_inst/data_wr_exp_pre_align_9__u_pre_align_wr_data/u_cmp_exp_shift/cmp_tree_inst     37.1700     0.0     37.1700      0.0000 0.0000 cmp_tree_INPUT_WIDTH8_INPUT_NUM4_6
GEMV_shared_block1_inst/data_wr_exp_pre_align_9__u_pre_align_wr_data/u_mantissa_shift_inst      3.4020     0.0      0.5040      2.8980 0.0000 mantissa_shift_MACRO_DATA_WIDTH4_SIGN_WIDTH1_MANTISSA_WIDTH7_EXP_WIDTH8_6
GEMV_shared_block2_inst            12415.1578      1.3       6.3000       0.0000  0.0000  GEMV_shared_block2_BANK_DATA_WIDTH64_BANK_NUM9_MACRO_DATA_WIDTH4_ROUND1024_EXP_WIDTH8_MANTISSA_WIDTH7_SIGN_WIDTH1_FP_WIDTH16_PARALLEL_ROW16_ADDER_TREE_WIDTH11_BIT_SERIAL_ACC_WIDTH20_COMPUTE_CYCLE9
GEMV_shared_block2_inst/bf16_combination_block_0__u_bf16_combination    277.8300     0.0    142.5060    114.6600 0.0000 bf16_combination_BIT_SERIAL_ACC_WIDTH20_COMPUTE_CYCLE9_BANK_NUM9_EXP_WIDTH8_MANTISSA_WIDTH7_SIGN_WIDTH1_FP_WIDTH16_15
GEMV_shared_block2_inst/bf16_combination_block_0__u_bf16_combination/u_leading_one_detect_com     20.6640     0.0     20.6640      0.0000 0.0000 leading_one_detect_com_INPUT_WIDTH20_OUTPUT_WIDTH6_15
GEMV_shared_block2_inst/bf16_combination_block_10__u_bf16_combination    275.6880     0.0    142.8840    113.2740 0.0000 bf16_combination_BIT_SERIAL_ACC_WIDTH20_COMPUTE_CYCLE9_BANK_NUM9_EXP_WIDTH8_MANTISSA_WIDTH7_SIGN_WIDTH1_FP_WIDTH16_5
GEMV_shared_block2_inst/bf16_combination_block_10__u_bf16_combination/u_leading_one_detect_com     19.5300     0.0     19.5300      0.0000 0.0000 leading_one_detect_com_INPUT_WIDTH20_OUTPUT_WIDTH6_5
GEMV_shared_block2_inst/bf16_combination_block_11__u_bf16_combination    275.3100     0.0    142.1280    113.5260 0.0000 bf16_combination_BIT_SERIAL_ACC_WIDTH20_COMPUTE_CYCLE9_BANK_NUM9_EXP_WIDTH8_MANTISSA_WIDTH7_SIGN_WIDTH1_FP_WIDTH16_4
GEMV_shared_block2_inst/bf16_combination_block_11__u_bf16_combination/u_leading_one_detect_com     19.6560     0.0     19.6560      0.0000 0.0000 leading_one_detect_com_INPUT_WIDTH20_OUTPUT_WIDTH6_4
GEMV_shared_block2_inst/bf16_combination_block_12__u_bf16_combination    280.2240     0.0    142.0020    116.0460 0.0000 bf16_combination_BIT_SERIAL_ACC_WIDTH20_COMPUTE_CYCLE9_BANK_NUM9_EXP_WIDTH8_MANTISSA_WIDTH7_SIGN_WIDTH1_FP_WIDTH16_3
GEMV_shared_block2_inst/bf16_combination_block_12__u_bf16_combination/u_leading_one_detect_com     22.1760     0.0     22.1760      0.0000 0.0000 leading_one_detect_com_INPUT_WIDTH20_OUTPUT_WIDTH6_3
GEMV_shared_block2_inst/bf16_combination_block_13__u_bf16_combination    277.3260     0.0    145.6560    110.3760 0.0000 bf16_combination_BIT_SERIAL_ACC_WIDTH20_COMPUTE_CYCLE9_BANK_NUM9_EXP_WIDTH8_MANTISSA_WIDTH7_SIGN_WIDTH1_FP_WIDTH16_2
GEMV_shared_block2_inst/bf16_combination_block_13__u_bf16_combination/u_leading_one_detect_com     21.2940     0.0     21.2940      0.0000 0.0000 leading_one_detect_com_INPUT_WIDTH20_OUTPUT_WIDTH6_2
GEMV_shared_block2_inst/bf16_combination_block_14__u_bf16_combination    276.4440     0.0    143.8920    113.5260 0.0000 bf16_combination_BIT_SERIAL_ACC_WIDTH20_COMPUTE_CYCLE9_BANK_NUM9_EXP_WIDTH8_MANTISSA_WIDTH7_SIGN_WIDTH1_FP_WIDTH16_1
GEMV_shared_block2_inst/bf16_combination_block_14__u_bf16_combination/u_leading_one_detect_com     19.0260     0.0     19.0260      0.0000 0.0000 leading_one_detect_com_INPUT_WIDTH20_OUTPUT_WIDTH6_1
GEMV_shared_block2_inst/bf16_combination_block_15__u_bf16_combination    279.4680     0.0    141.6240    115.4160 0.0000 bf16_combination_BIT_SERIAL_ACC_WIDTH20_COMPUTE_CYCLE9_BANK_NUM9_EXP_WIDTH8_MANTISSA_WIDTH7_SIGN_WIDTH1_FP_WIDTH16_0
GEMV_shared_block2_inst/bf16_combination_block_15__u_bf16_combination/u_leading_one_detect_com     22.4280     0.0     22.4280      0.0000 0.0000 leading_one_detect_com_INPUT_WIDTH20_OUTPUT_WIDTH6_0
GEMV_shared_block2_inst/bf16_combination_block_1__u_bf16_combination    277.3260     0.0    144.2700    113.5260 0.0000 bf16_combination_BIT_SERIAL_ACC_WIDTH20_COMPUTE_CYCLE9_BANK_NUM9_EXP_WIDTH8_MANTISSA_WIDTH7_SIGN_WIDTH1_FP_WIDTH16_14
GEMV_shared_block2_inst/bf16_combination_block_1__u_bf16_combination/u_leading_one_detect_com     19.5300     0.0     19.5300      0.0000 0.0000 leading_one_detect_com_INPUT_WIDTH20_OUTPUT_WIDTH6_14
GEMV_shared_block2_inst/bf16_combination_block_2__u_bf16_combination    275.1840     0.0    142.7580    111.6360 0.0000 bf16_combination_BIT_SERIAL_ACC_WIDTH20_COMPUTE_CYCLE9_BANK_NUM9_EXP_WIDTH8_MANTISSA_WIDTH7_SIGN_WIDTH1_FP_WIDTH16_13
GEMV_shared_block2_inst/bf16_combination_block_2__u_bf16_combination/u_leading_one_detect_com     20.7900     0.0     20.7900      0.0000 0.0000 leading_one_detect_com_INPUT_WIDTH20_OUTPUT_WIDTH6_13
GEMV_shared_block2_inst/bf16_combination_block_3__u_bf16_combination    271.9080     0.0    141.4980    112.0140 0.0000 bf16_combination_BIT_SERIAL_ACC_WIDTH20_COMPUTE_CYCLE9_BANK_NUM9_EXP_WIDTH8_MANTISSA_WIDTH7_SIGN_WIDTH1_FP_WIDTH16_12
GEMV_shared_block2_inst/bf16_combination_block_3__u_bf16_combination/u_leading_one_detect_com     18.3960     0.0     18.3960      0.0000 0.0000 leading_one_detect_com_INPUT_WIDTH20_OUTPUT_WIDTH6_12
GEMV_shared_block2_inst/bf16_combination_block_4__u_bf16_combination    274.3020     0.0    143.2620    111.3840 0.0000 bf16_combination_BIT_SERIAL_ACC_WIDTH20_COMPUTE_CYCLE9_BANK_NUM9_EXP_WIDTH8_MANTISSA_WIDTH7_SIGN_WIDTH1_FP_WIDTH16_11
GEMV_shared_block2_inst/bf16_combination_block_4__u_bf16_combination/u_leading_one_detect_com     19.6560     0.0     19.6560      0.0000 0.0000 leading_one_detect_com_INPUT_WIDTH20_OUTPUT_WIDTH6_11
GEMV_shared_block2_inst/bf16_combination_block_5__u_bf16_combination    278.8380     0.0    144.3960    112.8960 0.0000 bf16_combination_BIT_SERIAL_ACC_WIDTH20_COMPUTE_CYCLE9_BANK_NUM9_EXP_WIDTH8_MANTISSA_WIDTH7_SIGN_WIDTH1_FP_WIDTH16_10
GEMV_shared_block2_inst/bf16_combination_block_5__u_bf16_combination/u_leading_one_detect_com     21.5460     0.0     21.5460      0.0000 0.0000 leading_one_detect_com_INPUT_WIDTH20_OUTPUT_WIDTH6_10
GEMV_shared_block2_inst/bf16_combination_block_6__u_bf16_combination    274.6800     0.0    140.9940    111.5100 0.0000 bf16_combination_BIT_SERIAL_ACC_WIDTH20_COMPUTE_CYCLE9_BANK_NUM9_EXP_WIDTH8_MANTISSA_WIDTH7_SIGN_WIDTH1_FP_WIDTH16_9
GEMV_shared_block2_inst/bf16_combination_block_6__u_bf16_combination/u_leading_one_detect_com     22.1760     0.0     22.1760      0.0000 0.0000 leading_one_detect_com_INPUT_WIDTH20_OUTPUT_WIDTH6_9
GEMV_shared_block2_inst/bf16_combination_block_7__u_bf16_combination    275.6880     0.0    143.0100    110.6280 0.0000 bf16_combination_BIT_SERIAL_ACC_WIDTH20_COMPUTE_CYCLE9_BANK_NUM9_EXP_WIDTH8_MANTISSA_WIDTH7_SIGN_WIDTH1_FP_WIDTH16_8
GEMV_shared_block2_inst/bf16_combination_block_7__u_bf16_combination/u_leading_one_detect_com     22.0500     0.0     22.0500      0.0000 0.0000 leading_one_detect_com_INPUT_WIDTH20_OUTPUT_WIDTH6_8
GEMV_shared_block2_inst/bf16_combination_block_8__u_bf16_combination    272.2860     0.0    141.7500    111.7620 0.0000 bf16_combination_BIT_SERIAL_ACC_WIDTH20_COMPUTE_CYCLE9_BANK_NUM9_EXP_WIDTH8_MANTISSA_WIDTH7_SIGN_WIDTH1_FP_WIDTH16_7
GEMV_shared_block2_inst/bf16_combination_block_8__u_bf16_combination/u_leading_one_detect_com     18.7740     0.0     18.7740      0.0000 0.0000 leading_one_detect_com_INPUT_WIDTH20_OUTPUT_WIDTH6_7
GEMV_shared_block2_inst/bf16_combination_block_9__u_bf16_combination    274.6800     0.0    143.1360    111.3840 0.0000 bf16_combination_BIT_SERIAL_ACC_WIDTH20_COMPUTE_CYCLE9_BANK_NUM9_EXP_WIDTH8_MANTISSA_WIDTH7_SIGN_WIDTH1_FP_WIDTH16_6
GEMV_shared_block2_inst/bf16_combination_block_9__u_bf16_combination/u_leading_one_detect_com     20.1600     0.0     20.1600      0.0000 0.0000 leading_one_detect_com_INPUT_WIDTH20_OUTPUT_WIDTH6_6
GEMV_shared_block2_inst/u_Accumulation_top   7991.6759     0.8      6.3000      0.0000 0.0000 Accumulation_top_BANK_DATA_WIDTH64_BANK_NUM9_MACRO_DATA_WIDTH4_COL_BLOCK_SIZE16_ADDER_TREE_WIDTH11_BIT_SERIAL_ACC_WIDTH20_COMPUTE_CYCLE9_ROUND1024
GEMV_shared_block2_inst/u_Accumulation_top/adder_tree_0__u_adder_tree_reg    231.4620     0.0     66.2760    165.1860 0.0000 adder_tree_reg_INPUT_WIDTH11_INPUT_NUM4_STAGES_PER_REG4_15
GEMV_shared_block2_inst/u_Accumulation_top/adder_tree_10__u_adder_tree_reg    231.4620     0.0     66.2760    165.1860 0.0000 adder_tree_reg_INPUT_WIDTH11_INPUT_NUM4_STAGES_PER_REG4_5
GEMV_shared_block2_inst/u_Accumulation_top/adder_tree_11__u_adder_tree_reg    231.4620     0.0     66.2760    165.1860 0.0000 adder_tree_reg_INPUT_WIDTH11_INPUT_NUM4_STAGES_PER_REG4_4
GEMV_shared_block2_inst/u_Accumulation_top/adder_tree_12__u_adder_tree_reg    231.4620     0.0     66.2760    165.1860 0.0000 adder_tree_reg_INPUT_WIDTH11_INPUT_NUM4_STAGES_PER_REG4_3
GEMV_shared_block2_inst/u_Accumulation_top/adder_tree_13__u_adder_tree_reg    231.4620     0.0     66.2760    165.1860 0.0000 adder_tree_reg_INPUT_WIDTH11_INPUT_NUM4_STAGES_PER_REG4_2
GEMV_shared_block2_inst/u_Accumulation_top/adder_tree_14__u_adder_tree_reg    231.4620     0.0     66.2760    165.1860 0.0000 adder_tree_reg_INPUT_WIDTH11_INPUT_NUM4_STAGES_PER_REG4_1
GEMV_shared_block2_inst/u_Accumulation_top/adder_tree_15__u_adder_tree_reg    231.4620     0.0     66.2760    165.1860 0.0000 adder_tree_reg_INPUT_WIDTH11_INPUT_NUM4_STAGES_PER_REG4_0
GEMV_shared_block2_inst/u_Accumulation_top/adder_tree_1__u_adder_tree_reg    231.4620     0.0     66.2760    165.1860 0.0000 adder_tree_reg_INPUT_WIDTH11_INPUT_NUM4_STAGES_PER_REG4_14
GEMV_shared_block2_inst/u_Accumulation_top/adder_tree_2__u_adder_tree_reg    231.4620     0.0     66.2760    165.1860 0.0000 adder_tree_reg_INPUT_WIDTH11_INPUT_NUM4_STAGES_PER_REG4_13
GEMV_shared_block2_inst/u_Accumulation_top/adder_tree_3__u_adder_tree_reg    231.4620     0.0     66.2760    165.1860 0.0000 adder_tree_reg_INPUT_WIDTH11_INPUT_NUM4_STAGES_PER_REG4_12
GEMV_shared_block2_inst/u_Accumulation_top/adder_tree_4__u_adder_tree_reg    231.4620     0.0     66.2760    165.1860 0.0000 adder_tree_reg_INPUT_WIDTH11_INPUT_NUM4_STAGES_PER_REG4_11
GEMV_shared_block2_inst/u_Accumulation_top/adder_tree_5__u_adder_tree_reg    231.4620     0.0     66.2760    165.1860 0.0000 adder_tree_reg_INPUT_WIDTH11_INPUT_NUM4_STAGES_PER_REG4_10
GEMV_shared_block2_inst/u_Accumulation_top/adder_tree_6__u_adder_tree_reg    231.4620     0.0     66.2760    165.1860 0.0000 adder_tree_reg_INPUT_WIDTH11_INPUT_NUM4_STAGES_PER_REG4_9
GEMV_shared_block2_inst/u_Accumulation_top/adder_tree_7__u_adder_tree_reg    231.4620     0.0     66.2760    165.1860 0.0000 adder_tree_reg_INPUT_WIDTH11_INPUT_NUM4_STAGES_PER_REG4_8
GEMV_shared_block2_inst/u_Accumulation_top/adder_tree_8__u_adder_tree_reg    231.4620     0.0     66.2760    165.1860 0.0000 adder_tree_reg_INPUT_WIDTH11_INPUT_NUM4_STAGES_PER_REG4_7
GEMV_shared_block2_inst/u_Accumulation_top/adder_tree_9__u_adder_tree_reg    231.4620     0.0     66.2760    165.1860 0.0000 adder_tree_reg_INPUT_WIDTH11_INPUT_NUM4_STAGES_PER_REG4_6
GEMV_shared_block2_inst/u_Accumulation_top/bit_serial_accumulation_0__u_bit_serial_acc    267.6240     0.0    183.7080     83.9160 0.0000 bit_serial_acc_ADDER_TREE_WIDTH11_BIT_SERIAL_ACC_WIDTH20_COMPUTE_CYCLE9_ROUND1024_15
GEMV_shared_block2_inst/u_Accumulation_top/bit_serial_accumulation_10__u_bit_serial_acc    267.6240     0.0    183.7080     83.9160 0.0000 bit_serial_acc_ADDER_TREE_WIDTH11_BIT_SERIAL_ACC_WIDTH20_COMPUTE_CYCLE9_ROUND1024_5
GEMV_shared_block2_inst/u_Accumulation_top/bit_serial_accumulation_11__u_bit_serial_acc    267.6240     0.0    183.7080     83.9160 0.0000 bit_serial_acc_ADDER_TREE_WIDTH11_BIT_SERIAL_ACC_WIDTH20_COMPUTE_CYCLE9_ROUND1024_4
GEMV_shared_block2_inst/u_Accumulation_top/bit_serial_accumulation_12__u_bit_serial_acc    267.6240     0.0    183.7080     83.9160 0.0000 bit_serial_acc_ADDER_TREE_WIDTH11_BIT_SERIAL_ACC_WIDTH20_COMPUTE_CYCLE9_ROUND1024_3
GEMV_shared_block2_inst/u_Accumulation_top/bit_serial_accumulation_13__u_bit_serial_acc    267.6240     0.0    183.7080     83.9160 0.0000 bit_serial_acc_ADDER_TREE_WIDTH11_BIT_SERIAL_ACC_WIDTH20_COMPUTE_CYCLE9_ROUND1024_2
GEMV_shared_block2_inst/u_Accumulation_top/bit_serial_accumulation_14__u_bit_serial_acc    267.6240     0.0    183.7080     83.9160 0.0000 bit_serial_acc_ADDER_TREE_WIDTH11_BIT_SERIAL_ACC_WIDTH20_COMPUTE_CYCLE9_ROUND1024_1
GEMV_shared_block2_inst/u_Accumulation_top/bit_serial_accumulation_15__u_bit_serial_acc    267.6240     0.0    183.7080     83.9160 0.0000 bit_serial_acc_ADDER_TREE_WIDTH11_BIT_SERIAL_ACC_WIDTH20_COMPUTE_CYCLE9_ROUND1024_0
GEMV_shared_block2_inst/u_Accumulation_top/bit_serial_accumulation_1__u_bit_serial_acc    267.6240     0.0    183.7080     83.9160 0.0000 bit_serial_acc_ADDER_TREE_WIDTH11_BIT_SERIAL_ACC_WIDTH20_COMPUTE_CYCLE9_ROUND1024_14
GEMV_shared_block2_inst/u_Accumulation_top/bit_serial_accumulation_2__u_bit_serial_acc    267.6240     0.0    183.7080     83.9160 0.0000 bit_serial_acc_ADDER_TREE_WIDTH11_BIT_SERIAL_ACC_WIDTH20_COMPUTE_CYCLE9_ROUND1024_13
GEMV_shared_block2_inst/u_Accumulation_top/bit_serial_accumulation_3__u_bit_serial_acc    267.6240     0.0    183.7080     83.9160 0.0000 bit_serial_acc_ADDER_TREE_WIDTH11_BIT_SERIAL_ACC_WIDTH20_COMPUTE_CYCLE9_ROUND1024_12
GEMV_shared_block2_inst/u_Accumulation_top/bit_serial_accumulation_4__u_bit_serial_acc    267.6240     0.0    183.7080     83.9160 0.0000 bit_serial_acc_ADDER_TREE_WIDTH11_BIT_SERIAL_ACC_WIDTH20_COMPUTE_CYCLE9_ROUND1024_11
GEMV_shared_block2_inst/u_Accumulation_top/bit_serial_accumulation_5__u_bit_serial_acc    267.6240     0.0    183.7080     83.9160 0.0000 bit_serial_acc_ADDER_TREE_WIDTH11_BIT_SERIAL_ACC_WIDTH20_COMPUTE_CYCLE9_ROUND1024_10
GEMV_shared_block2_inst/u_Accumulation_top/bit_serial_accumulation_6__u_bit_serial_acc    267.6240     0.0    183.7080     83.9160 0.0000 bit_serial_acc_ADDER_TREE_WIDTH11_BIT_SERIAL_ACC_WIDTH20_COMPUTE_CYCLE9_ROUND1024_9
GEMV_shared_block2_inst/u_Accumulation_top/bit_serial_accumulation_7__u_bit_serial_acc    267.6240     0.0    183.7080     83.9160 0.0000 bit_serial_acc_ADDER_TREE_WIDTH11_BIT_SERIAL_ACC_WIDTH20_COMPUTE_CYCLE9_ROUND1024_8
GEMV_shared_block2_inst/u_Accumulation_top/bit_serial_accumulation_8__u_bit_serial_acc    267.6240     0.0    183.7080     83.9160 0.0000 bit_serial_acc_ADDER_TREE_WIDTH11_BIT_SERIAL_ACC_WIDTH20_COMPUTE_CYCLE9_ROUND1024_7
GEMV_shared_block2_inst/u_Accumulation_top/bit_serial_accumulation_9__u_bit_serial_acc    267.6240     0.0    183.7080     83.9160 0.0000 bit_serial_acc_ADDER_TREE_WIDTH11_BIT_SERIAL_ACC_WIDTH20_COMPUTE_CYCLE9_ROUND1024_6
K_M3D_unshared_block1             413376.6372     43.2       6.1740       0.0000  0.0000  M3D_unshared_block1_MACRO_COLUMN16_MACRO_ROW64_BANK_COLUMN64_BANK_ROW1024_EXP_WIDTH8_MANTISSA_WIDTH7_SIGN_WIDTH1_FP_WIDTH16_Q_BUF_ADDR_WIDTH4_COMPUTE_CYCLE9_BANK_NUM9_log2_MACRO_ROW6_log2_MACRO_COLUMN4_PARALLEL_ROW16_MACRO_DATA_WIDTH4_MACROS_ADDR_WIDTH10
K_M3D_unshared_block1/cmIn_control_inst     42.7140     0.0     33.6420      9.0720 0.0000 cmIn_control_MACRO_DATA_WIDTH4_COMPUTE_CYCLE9_MACROS_ADDR_WIDTH10_BANK_DATA_WIDTH64_BANK_NUM9_MACRO_ROW64_MACRO_COLUMN16_COL_BLOCK_SIZE16_Q_BUF_ADDR_WIDTH4
K_M3D_unshared_block1/genblk1_0__u_data_wr_exp_max_buf  25675.7757     2.7  10167.4438  15508.3319 0.0000 center_buf_DATA_WIDTH8_DEPTH1024_log2_DEPTH10_31
K_M3D_unshared_block1/genblk1_10__u_data_wr_exp_max_buf  25672.7517     2.7  10164.4198  15508.3319 0.0000 center_buf_DATA_WIDTH8_DEPTH1024_log2_DEPTH10_21
K_M3D_unshared_block1/genblk1_11__u_data_wr_exp_max_buf  25671.2397     2.7  10162.9078  15508.3319 0.0000 center_buf_DATA_WIDTH8_DEPTH1024_log2_DEPTH10_20
K_M3D_unshared_block1/genblk1_12__u_data_wr_exp_max_buf  25674.2637     2.7  10165.9318  15508.3319 0.0000 center_buf_DATA_WIDTH8_DEPTH1024_log2_DEPTH10_19
K_M3D_unshared_block1/genblk1_13__u_data_wr_exp_max_buf  25679.8077     2.7  10171.4758  15508.3319 0.0000 center_buf_DATA_WIDTH8_DEPTH1024_log2_DEPTH10_18
K_M3D_unshared_block1/genblk1_14__u_data_wr_exp_max_buf  25673.5077     2.7  10165.1758  15508.3319 0.0000 center_buf_DATA_WIDTH8_DEPTH1024_log2_DEPTH10_17
K_M3D_unshared_block1/genblk1_15__u_data_wr_exp_max_buf  25673.1297     2.7  10164.7978  15508.3319 0.0000 center_buf_DATA_WIDTH8_DEPTH1024_log2_DEPTH10_16
K_M3D_unshared_block1/genblk1_1__u_data_wr_exp_max_buf  25673.8857     2.7  10165.5538  15508.3319 0.0000 center_buf_DATA_WIDTH8_DEPTH1024_log2_DEPTH10_30
K_M3D_unshared_block1/genblk1_2__u_data_wr_exp_max_buf  25668.9717     2.7  10160.6398  15508.3319 0.0000 center_buf_DATA_WIDTH8_DEPTH1024_log2_DEPTH10_29
K_M3D_unshared_block1/genblk1_3__u_data_wr_exp_max_buf  25685.6037     2.7  10177.2718  15508.3319 0.0000 center_buf_DATA_WIDTH8_DEPTH1024_log2_DEPTH10_28
K_M3D_unshared_block1/genblk1_4__u_data_wr_exp_max_buf  25676.9097     2.7  10168.5778  15508.3319 0.0000 center_buf_DATA_WIDTH8_DEPTH1024_log2_DEPTH10_27
K_M3D_unshared_block1/genblk1_5__u_data_wr_exp_max_buf  25671.6177     2.7  10163.2858  15508.3319 0.0000 center_buf_DATA_WIDTH8_DEPTH1024_log2_DEPTH10_26
K_M3D_unshared_block1/genblk1_6__u_data_wr_exp_max_buf  25675.0197     2.7  10166.6878  15508.3319 0.0000 center_buf_DATA_WIDTH8_DEPTH1024_log2_DEPTH10_25
K_M3D_unshared_block1/genblk1_7__u_data_wr_exp_max_buf  25680.3117     2.7  10171.9798  15508.3319 0.0000 center_buf_DATA_WIDTH8_DEPTH1024_log2_DEPTH10_24
K_M3D_unshared_block1/genblk1_8__u_data_wr_exp_max_buf  25673.8857     2.7  10165.5538  15508.3319 0.0000 center_buf_DATA_WIDTH8_DEPTH1024_log2_DEPTH10_23
K_M3D_unshared_block1/genblk1_9__u_data_wr_exp_max_buf  25676.1537     2.7  10167.8218  15508.3319 0.0000 center_buf_DATA_WIDTH8_DEPTH1024_log2_DEPTH10_22
K_M3D_unshared_block1/q_cache_control_inst    136.7100     0.0     11.7180    124.9920 0.0000 q_cache_control_MACRO_ROW64_Q_BUF_ADDR_WIDTH4_MACRO_DATA_WIDTH4_EXP_WIDTH8_MANTISSA_WIDTH7_SIGN_WIDTH1_FP_WIDTH16_COL_BLOCK_SIZE16_log2_COL_BLOCK_SIZE4
K_M3D_unshared_block1/u_dram_banks      3.7800     0.0       0.8820       2.8980  0.0000  DRAM_banks_MACROS_ADDR_WIDTH10_BANK_DATA_WIDTH64_BANK_NUM9_MACRO_DATA_WIDTH4_COL_BLOCK_SIZE16_MACRO_COLUMN16_MACRO_ROW64
K_M3D_unshared_block1/u_q_buf_exp    439.6140      0.0     172.2420     267.3720  0.0000  center_buf_DATA_WIDTH8_DEPTH16_log2_DEPTH4
K_M3D_unshared_block1/u_q_buf_mantissa   1905.8760     0.2    710.6400   1195.2360 0.0000 center_buf_DATA_WIDTH36_DEPTH16_log2_DEPTH4
K_M3D_unshared_block1/u_weight_write_control     38.9340     0.0      9.9540     28.9800 0.0000 weight_write_control_BANK_DATA_WIDTH64_BANK_NUM9_MACROS_ADDR_WIDTH10_MACRO_COLUMN16_MACRO_ROW64
K_M3D_unshared_block2               6707.6099      0.7      22.4280      37.6740  0.0000  M3D_unshared_block2_MACRO_ROW64_MACRO_COLUMN16_MACROS_ADDR_WIDTH10_EXP_WIDTH8_MANTISSA_WIDTH7_SIGN_WIDTH1_FP_WIDTH16_PARALLEL_ROW16_Q_BUF_ADDR_WIDTH4
K_M3D_unshared_block2/macro_column_accumulation_0__accumulation_buf_inst    414.2880     0.0     36.5400     50.5260 0.0000 accumulation_buf_MACRO_COLUMN16_MACRO_ROW64_log2_MACRO_ROW6_log2_MACRO_COLUMN4_EXP_WIDTH8_MANTISSA_WIDTH7_SIGN_WIDTH1_FP_WIDTH16_15
K_M3D_unshared_block2/macro_column_accumulation_0__accumulation_buf_inst/u_float_adder_single_cycle    327.2220     0.0    290.8080     36.4140 0.0000 fp_add_single_cycle_EXP_WIDTH8_MANTISSA_WIDTH7_SIGN_WIDTH1_FP_WIDTH16_37
K_M3D_unshared_block2/macro_column_accumulation_10__accumulation_buf_inst    410.2560     0.0     36.5400     50.5260 0.0000 accumulation_buf_MACRO_COLUMN16_MACRO_ROW64_log2_MACRO_ROW6_log2_MACRO_COLUMN4_EXP_WIDTH8_MANTISSA_WIDTH7_SIGN_WIDTH1_FP_WIDTH16_5
K_M3D_unshared_block2/macro_column_accumulation_10__accumulation_buf_inst/u_float_adder_single_cycle    323.1900     0.0    286.9020     36.2880 0.0000 fp_add_single_cycle_EXP_WIDTH8_MANTISSA_WIDTH7_SIGN_WIDTH1_FP_WIDTH16_27
K_M3D_unshared_block2/macro_column_accumulation_11__accumulation_buf_inst    411.3900     0.0     36.5400     50.5260 0.0000 accumulation_buf_MACRO_COLUMN16_MACRO_ROW64_log2_MACRO_ROW6_log2_MACRO_COLUMN4_EXP_WIDTH8_MANTISSA_WIDTH7_SIGN_WIDTH1_FP_WIDTH16_4
K_M3D_unshared_block2/macro_column_accumulation_11__accumulation_buf_inst/u_float_adder_single_cycle    324.3240     0.0    288.0360     36.2880 0.0000 fp_add_single_cycle_EXP_WIDTH8_MANTISSA_WIDTH7_SIGN_WIDTH1_FP_WIDTH16_26
K_M3D_unshared_block2/macro_column_accumulation_12__accumulation_buf_inst    416.5560     0.0     36.5400     50.5260 0.0000 accumulation_buf_MACRO_COLUMN16_MACRO_ROW64_log2_MACRO_ROW6_log2_MACRO_COLUMN4_EXP_WIDTH8_MANTISSA_WIDTH7_SIGN_WIDTH1_FP_WIDTH16_3
K_M3D_unshared_block2/macro_column_accumulation_12__accumulation_buf_inst/u_float_adder_single_cycle    329.4900     0.0    293.2020     36.2880 0.0000 fp_add_single_cycle_EXP_WIDTH8_MANTISSA_WIDTH7_SIGN_WIDTH1_FP_WIDTH16_25
K_M3D_unshared_block2/macro_column_accumulation_13__accumulation_buf_inst    428.1480     0.0     36.5400     50.5260 0.0000 accumulation_buf_MACRO_COLUMN16_MACRO_ROW64_log2_MACRO_ROW6_log2_MACRO_COLUMN4_EXP_WIDTH8_MANTISSA_WIDTH7_SIGN_WIDTH1_FP_WIDTH16_2
K_M3D_unshared_block2/macro_column_accumulation_13__accumulation_buf_inst/u_float_adder_single_cycle    341.0820     0.0    304.7940     36.2880 0.0000 fp_add_single_cycle_EXP_WIDTH8_MANTISSA_WIDTH7_SIGN_WIDTH1_FP_WIDTH16_24
K_M3D_unshared_block2/macro_column_accumulation_14__accumulation_buf_inst    413.1540     0.0     36.5400     50.5260 0.0000 accumulation_buf_MACRO_COLUMN16_MACRO_ROW64_log2_MACRO_ROW6_log2_MACRO_COLUMN4_EXP_WIDTH8_MANTISSA_WIDTH7_SIGN_WIDTH1_FP_WIDTH16_1
K_M3D_unshared_block2/macro_column_accumulation_14__accumulation_buf_inst/u_float_adder_single_cycle    326.0880     0.0    289.8000     36.2880 0.0000 fp_add_single_cycle_EXP_WIDTH8_MANTISSA_WIDTH7_SIGN_WIDTH1_FP_WIDTH16_23
K_M3D_unshared_block2/macro_column_accumulation_15__accumulation_buf_inst    414.4140     0.0     36.5400     50.5260 0.0000 accumulation_buf_MACRO_COLUMN16_MACRO_ROW64_log2_MACRO_ROW6_log2_MACRO_COLUMN4_EXP_WIDTH8_MANTISSA_WIDTH7_SIGN_WIDTH1_FP_WIDTH16_0
K_M3D_unshared_block2/macro_column_accumulation_15__accumulation_buf_inst/u_float_adder_single_cycle    327.3480     0.0    291.0600     36.2880 0.0000 fp_add_single_cycle_EXP_WIDTH8_MANTISSA_WIDTH7_SIGN_WIDTH1_FP_WIDTH16_22
K_M3D_unshared_block2/macro_column_accumulation_1__accumulation_buf_inst    412.5240     0.0     36.5400     50.5260 0.0000 accumulation_buf_MACRO_COLUMN16_MACRO_ROW64_log2_MACRO_ROW6_log2_MACRO_COLUMN4_EXP_WIDTH8_MANTISSA_WIDTH7_SIGN_WIDTH1_FP_WIDTH16_14
K_M3D_unshared_block2/macro_column_accumulation_1__accumulation_buf_inst/u_float_adder_single_cycle    325.4580     0.0    289.1700     36.2880 0.0000 fp_add_single_cycle_EXP_WIDTH8_MANTISSA_WIDTH7_SIGN_WIDTH1_FP_WIDTH16_36
K_M3D_unshared_block2/macro_column_accumulation_2__accumulation_buf_inst    416.4300     0.0     36.5400     50.5260 0.0000 accumulation_buf_MACRO_COLUMN16_MACRO_ROW64_log2_MACRO_ROW6_log2_MACRO_COLUMN4_EXP_WIDTH8_MANTISSA_WIDTH7_SIGN_WIDTH1_FP_WIDTH16_13
K_M3D_unshared_block2/macro_column_accumulation_2__accumulation_buf_inst/u_float_adder_single_cycle    329.3640     0.0    293.0760     36.2880 0.0000 fp_add_single_cycle_EXP_WIDTH8_MANTISSA_WIDTH7_SIGN_WIDTH1_FP_WIDTH16_35
K_M3D_unshared_block2/macro_column_accumulation_3__accumulation_buf_inst    418.1940     0.0     36.5400     50.5260 0.0000 accumulation_buf_MACRO_COLUMN16_MACRO_ROW64_log2_MACRO_ROW6_log2_MACRO_COLUMN4_EXP_WIDTH8_MANTISSA_WIDTH7_SIGN_WIDTH1_FP_WIDTH16_12
K_M3D_unshared_block2/macro_column_accumulation_3__accumulation_buf_inst/u_float_adder_single_cycle    331.1280     0.0    294.8400     36.2880 0.0000 fp_add_single_cycle_EXP_WIDTH8_MANTISSA_WIDTH7_SIGN_WIDTH1_FP_WIDTH16_34
K_M3D_unshared_block2/macro_column_accumulation_4__accumulation_buf_inst    411.3900     0.0     36.5400     50.5260 0.0000 accumulation_buf_MACRO_COLUMN16_MACRO_ROW64_log2_MACRO_ROW6_log2_MACRO_COLUMN4_EXP_WIDTH8_MANTISSA_WIDTH7_SIGN_WIDTH1_FP_WIDTH16_11
K_M3D_unshared_block2/macro_column_accumulation_4__accumulation_buf_inst/u_float_adder_single_cycle    324.3240     0.0    288.0360     36.2880 0.0000 fp_add_single_cycle_EXP_WIDTH8_MANTISSA_WIDTH7_SIGN_WIDTH1_FP_WIDTH16_33
K_M3D_unshared_block2/macro_column_accumulation_5__accumulation_buf_inst    418.8240     0.0     36.5400     50.5260 0.0000 accumulation_buf_MACRO_COLUMN16_MACRO_ROW64_log2_MACRO_ROW6_log2_MACRO_COLUMN4_EXP_WIDTH8_MANTISSA_WIDTH7_SIGN_WIDTH1_FP_WIDTH16_10
K_M3D_unshared_block2/macro_column_accumulation_5__accumulation_buf_inst/u_float_adder_single_cycle    331.7580     0.0    295.4700     36.2880 0.0000 fp_add_single_cycle_EXP_WIDTH8_MANTISSA_WIDTH7_SIGN_WIDTH1_FP_WIDTH16_32
K_M3D_unshared_block2/macro_column_accumulation_6__accumulation_buf_inst    418.8240     0.0     36.5400     50.5260 0.0000 accumulation_buf_MACRO_COLUMN16_MACRO_ROW64_log2_MACRO_ROW6_log2_MACRO_COLUMN4_EXP_WIDTH8_MANTISSA_WIDTH7_SIGN_WIDTH1_FP_WIDTH16_9
K_M3D_unshared_block2/macro_column_accumulation_6__accumulation_buf_inst/u_float_adder_single_cycle    331.7580     0.0    295.4700     36.2880 0.0000 fp_add_single_cycle_EXP_WIDTH8_MANTISSA_WIDTH7_SIGN_WIDTH1_FP_WIDTH16_31
K_M3D_unshared_block2/macro_column_accumulation_7__accumulation_buf_inst    414.2880     0.0     36.5400     50.5260 0.0000 accumulation_buf_MACRO_COLUMN16_MACRO_ROW64_log2_MACRO_ROW6_log2_MACRO_COLUMN4_EXP_WIDTH8_MANTISSA_WIDTH7_SIGN_WIDTH1_FP_WIDTH16_8
K_M3D_unshared_block2/macro_column_accumulation_7__accumulation_buf_inst/u_float_adder_single_cycle    327.2220     0.0    290.9340     36.2880 0.0000 fp_add_single_cycle_EXP_WIDTH8_MANTISSA_WIDTH7_SIGN_WIDTH1_FP_WIDTH16_30
K_M3D_unshared_block2/macro_column_accumulation_8__accumulation_buf_inst    415.9260     0.0     36.5400     50.5260 0.0000 accumulation_buf_MACRO_COLUMN16_MACRO_ROW64_log2_MACRO_ROW6_log2_MACRO_COLUMN4_EXP_WIDTH8_MANTISSA_WIDTH7_SIGN_WIDTH1_FP_WIDTH16_7
K_M3D_unshared_block2/macro_column_accumulation_8__accumulation_buf_inst/u_float_adder_single_cycle    328.8600     0.0    292.5720     36.2880 0.0000 fp_add_single_cycle_EXP_WIDTH8_MANTISSA_WIDTH7_SIGN_WIDTH1_FP_WIDTH16_29
K_M3D_unshared_block2/macro_column_accumulation_9__accumulation_buf_inst    412.9020     0.0     36.5400     50.5260 0.0000 accumulation_buf_MACRO_COLUMN16_MACRO_ROW64_log2_MACRO_ROW6_log2_MACRO_COLUMN4_EXP_WIDTH8_MANTISSA_WIDTH7_SIGN_WIDTH1_FP_WIDTH16_6
K_M3D_unshared_block2/macro_column_accumulation_9__accumulation_buf_inst/u_float_adder_single_cycle    325.8360     0.0    289.5480     36.2880 0.0000 fp_add_single_cycle_EXP_WIDTH8_MANTISSA_WIDTH7_SIGN_WIDTH1_FP_WIDTH16_28
V_M3D_unshared_block1             446063.8088     46.6       6.6780       0.0000  0.0000  M3D_unshared_block1_MACRO_COLUMN256_MACRO_ROW4_BANK_COLUMN1024_BANK_ROW64_EXP_WIDTH8_MANTISSA_WIDTH7_SIGN_WIDTH1_FP_WIDTH16_Q_BUF_ADDR_WIDTH8_COMPUTE_CYCLE9_BANK_NUM9_log2_MACRO_ROW2_log2_MACRO_COLUMN8_PARALLEL_ROW16_MACRO_DATA_WIDTH4_MACROS_ADDR_WIDTH10
V_M3D_unshared_block1/cmIn_control_inst     42.7140     0.0     33.6420      9.0720 0.0000 cmIn_control_MACRO_DATA_WIDTH4_COMPUTE_CYCLE9_MACROS_ADDR_WIDTH10_BANK_DATA_WIDTH64_BANK_NUM9_MACRO_ROW4_MACRO_COLUMN256_COL_BLOCK_SIZE16_Q_BUF_ADDR_WIDTH8
V_M3D_unshared_block1/genblk1_0__u_data_wr_exp_max_buf  25670.1057     2.7  10161.7738  15508.3319 0.0000 center_buf_DATA_WIDTH8_DEPTH1024_log2_DEPTH10_15
V_M3D_unshared_block1/genblk1_10__u_data_wr_exp_max_buf  25669.6017     2.7  10161.2698  15508.3319 0.0000 center_buf_DATA_WIDTH8_DEPTH1024_log2_DEPTH10_5
V_M3D_unshared_block1/genblk1_11__u_data_wr_exp_max_buf  25668.2157     2.7  10159.8838  15508.3319 0.0000 center_buf_DATA_WIDTH8_DEPTH1024_log2_DEPTH10_4
V_M3D_unshared_block1/genblk1_12__u_data_wr_exp_max_buf  25669.6017     2.7  10161.2698  15508.3319 0.0000 center_buf_DATA_WIDTH8_DEPTH1024_log2_DEPTH10_3
V_M3D_unshared_block1/genblk1_13__u_data_wr_exp_max_buf  25671.8697     2.7  10163.5378  15508.3319 0.0000 center_buf_DATA_WIDTH8_DEPTH1024_log2_DEPTH10_2
V_M3D_unshared_block1/genblk1_14__u_data_wr_exp_max_buf  25679.9337     2.7  10171.6018  15508.3319 0.0000 center_buf_DATA_WIDTH8_DEPTH1024_log2_DEPTH10_1
V_M3D_unshared_block1/genblk1_15__u_data_wr_exp_max_buf  25677.9177     2.7  10169.5858  15508.3319 0.0000 center_buf_DATA_WIDTH8_DEPTH1024_log2_DEPTH10_0
V_M3D_unshared_block1/genblk1_1__u_data_wr_exp_max_buf  25670.6097     2.7  10162.2778  15508.3319 0.0000 center_buf_DATA_WIDTH8_DEPTH1024_log2_DEPTH10_14
V_M3D_unshared_block1/genblk1_2__u_data_wr_exp_max_buf  25669.2237     2.7  10160.8918  15508.3319 0.0000 center_buf_DATA_WIDTH8_DEPTH1024_log2_DEPTH10_13
V_M3D_unshared_block1/genblk1_3__u_data_wr_exp_max_buf  25669.7277     2.7  10161.3958  15508.3319 0.0000 center_buf_DATA_WIDTH8_DEPTH1024_log2_DEPTH10_12
V_M3D_unshared_block1/genblk1_4__u_data_wr_exp_max_buf  25668.9717     2.7  10160.6398  15508.3319 0.0000 center_buf_DATA_WIDTH8_DEPTH1024_log2_DEPTH10_11
V_M3D_unshared_block1/genblk1_5__u_data_wr_exp_max_buf  25669.3497     2.7  10161.0178  15508.3319 0.0000 center_buf_DATA_WIDTH8_DEPTH1024_log2_DEPTH10_10
V_M3D_unshared_block1/genblk1_6__u_data_wr_exp_max_buf  25669.7277     2.7  10161.3958  15508.3319 0.0000 center_buf_DATA_WIDTH8_DEPTH1024_log2_DEPTH10_9
V_M3D_unshared_block1/genblk1_7__u_data_wr_exp_max_buf  25669.6017     2.7  10161.2698  15508.3319 0.0000 center_buf_DATA_WIDTH8_DEPTH1024_log2_DEPTH10_8
V_M3D_unshared_block1/genblk1_8__u_data_wr_exp_max_buf  25668.7197     2.7  10160.3878  15508.3319 0.0000 center_buf_DATA_WIDTH8_DEPTH1024_log2_DEPTH10_7
V_M3D_unshared_block1/genblk1_9__u_data_wr_exp_max_buf  25670.2317     2.7  10161.8998  15508.3319 0.0000 center_buf_DATA_WIDTH8_DEPTH1024_log2_DEPTH10_6
V_M3D_unshared_block1/q_cache_control_inst    191.5200     0.0     34.5240    156.9960 0.0000 q_cache_control_MACRO_ROW4_Q_BUF_ADDR_WIDTH8_MACRO_DATA_WIDTH4_EXP_WIDTH8_MANTISSA_WIDTH7_SIGN_WIDTH1_FP_WIDTH16_COL_BLOCK_SIZE16_log2_COL_BLOCK_SIZE4
V_M3D_unshared_block1/u_dram_banks      3.7800     0.0       0.8820       2.8980  0.0000  DRAM_banks_MACROS_ADDR_WIDTH10_BANK_DATA_WIDTH64_BANK_NUM9_MACRO_DATA_WIDTH4_COL_BLOCK_SIZE16_MACRO_COLUMN256_MACRO_ROW4
V_M3D_unshared_block1/u_q_buf_exp   6470.0999      0.7    2573.9280    3896.1720  0.0000  center_buf_DATA_WIDTH8_DEPTH256_log2_DEPTH8
V_M3D_unshared_block1/u_q_buf_mantissa  28576.6737     3.0  11051.8378  17524.8359 0.0000 center_buf_DATA_WIDTH36_DEPTH256_log2_DEPTH8
V_M3D_unshared_block1/u_weight_write_control     38.9340     0.0      9.9540     28.9800 0.0000 weight_write_control_BANK_DATA_WIDTH64_BANK_NUM9_MACROS_ADDR_WIDTH10_MACRO_COLUMN256_MACRO_ROW4
V_M3D_unshared_block2               7060.9139      0.7      24.0660      49.2660  0.0000  M3D_unshared_block2_MACRO_ROW4_MACRO_COLUMN256_MACROS_ADDR_WIDTH10_EXP_WIDTH8_MANTISSA_WIDTH7_SIGN_WIDTH1_FP_WIDTH16_PARALLEL_ROW16_Q_BUF_ADDR_WIDTH8
V_M3D_unshared_block2/macro_column_accumulation_0__accumulation_buf_inst    440.1180     0.0     47.2500     59.5980 0.0000 accumulation_buf_MACRO_COLUMN256_MACRO_ROW4_log2_MACRO_ROW2_log2_MACRO_COLUMN8_EXP_WIDTH8_MANTISSA_WIDTH7_SIGN_WIDTH1_FP_WIDTH16_15
V_M3D_unshared_block2/macro_column_accumulation_0__accumulation_buf_inst/u_float_adder_single_cycle    333.2700     0.0    296.9820     36.2880 0.0000 fp_add_single_cycle_EXP_WIDTH8_MANTISSA_WIDTH7_SIGN_WIDTH1_FP_WIDTH16_21
V_M3D_unshared_block2/macro_column_accumulation_10__accumulation_buf_inst    429.4080     0.0     47.5020     59.5980 0.0000 accumulation_buf_MACRO_COLUMN256_MACRO_ROW4_log2_MACRO_ROW2_log2_MACRO_COLUMN8_EXP_WIDTH8_MANTISSA_WIDTH7_SIGN_WIDTH1_FP_WIDTH16_5
V_M3D_unshared_block2/macro_column_accumulation_10__accumulation_buf_inst/u_float_adder_single_cycle    322.3080     0.0    286.0200     36.2880 0.0000 fp_add_single_cycle_EXP_WIDTH8_MANTISSA_WIDTH7_SIGN_WIDTH1_FP_WIDTH16_11
V_M3D_unshared_block2/macro_column_accumulation_11__accumulation_buf_inst    430.6680     0.0     48.7620     59.5980 0.0000 accumulation_buf_MACRO_COLUMN256_MACRO_ROW4_log2_MACRO_ROW2_log2_MACRO_COLUMN8_EXP_WIDTH8_MANTISSA_WIDTH7_SIGN_WIDTH1_FP_WIDTH16_4
V_M3D_unshared_block2/macro_column_accumulation_11__accumulation_buf_inst/u_float_adder_single_cycle    322.3080     0.0    286.0200     36.2880 0.0000 fp_add_single_cycle_EXP_WIDTH8_MANTISSA_WIDTH7_SIGN_WIDTH1_FP_WIDTH16_10
V_M3D_unshared_block2/macro_column_accumulation_12__accumulation_buf_inst    435.0780     0.0     47.2500     59.5980 0.0000 accumulation_buf_MACRO_COLUMN256_MACRO_ROW4_log2_MACRO_ROW2_log2_MACRO_COLUMN8_EXP_WIDTH8_MANTISSA_WIDTH7_SIGN_WIDTH1_FP_WIDTH16_3
V_M3D_unshared_block2/macro_column_accumulation_12__accumulation_buf_inst/u_float_adder_single_cycle    328.2300     0.0    291.9420     36.2880 0.0000 fp_add_single_cycle_EXP_WIDTH8_MANTISSA_WIDTH7_SIGN_WIDTH1_FP_WIDTH16_9
V_M3D_unshared_block2/macro_column_accumulation_13__accumulation_buf_inst    438.9840     0.0     47.5020     59.5980 0.0000 accumulation_buf_MACRO_COLUMN256_MACRO_ROW4_log2_MACRO_ROW2_log2_MACRO_COLUMN8_EXP_WIDTH8_MANTISSA_WIDTH7_SIGN_WIDTH1_FP_WIDTH16_2
V_M3D_unshared_block2/macro_column_accumulation_13__accumulation_buf_inst/u_float_adder_single_cycle    331.8840     0.0    295.5960     36.2880 0.0000 fp_add_single_cycle_EXP_WIDTH8_MANTISSA_WIDTH7_SIGN_WIDTH1_FP_WIDTH16_8
V_M3D_unshared_block2/macro_column_accumulation_14__accumulation_buf_inst    435.0780     0.0     47.5020     59.5980 0.0000 accumulation_buf_MACRO_COLUMN256_MACRO_ROW4_log2_MACRO_ROW2_log2_MACRO_COLUMN8_EXP_WIDTH8_MANTISSA_WIDTH7_SIGN_WIDTH1_FP_WIDTH16_1
V_M3D_unshared_block2/macro_column_accumulation_14__accumulation_buf_inst/u_float_adder_single_cycle    327.9780     0.0    291.6900     36.2880 0.0000 fp_add_single_cycle_EXP_WIDTH8_MANTISSA_WIDTH7_SIGN_WIDTH1_FP_WIDTH16_7
V_M3D_unshared_block2/macro_column_accumulation_15__accumulation_buf_inst    436.3380     0.0     47.5020     59.5980 0.0000 accumulation_buf_MACRO_COLUMN256_MACRO_ROW4_log2_MACRO_ROW2_log2_MACRO_COLUMN8_EXP_WIDTH8_MANTISSA_WIDTH7_SIGN_WIDTH1_FP_WIDTH16_0
V_M3D_unshared_block2/macro_column_accumulation_15__accumulation_buf_inst/u_float_adder_single_cycle    329.2380     0.0    292.9500     36.2880 0.0000 fp_add_single_cycle_EXP_WIDTH8_MANTISSA_WIDTH7_SIGN_WIDTH1_FP_WIDTH16_6
V_M3D_unshared_block2/macro_column_accumulation_1__accumulation_buf_inst    442.3860     0.0     47.2500     60.3540 0.0000 accumulation_buf_MACRO_COLUMN256_MACRO_ROW4_log2_MACRO_ROW2_log2_MACRO_COLUMN8_EXP_WIDTH8_MANTISSA_WIDTH7_SIGN_WIDTH1_FP_WIDTH16_14
V_M3D_unshared_block2/macro_column_accumulation_1__accumulation_buf_inst/u_float_adder_single_cycle    334.7820     0.0    298.4940     36.2880 0.0000 fp_add_single_cycle_EXP_WIDTH8_MANTISSA_WIDTH7_SIGN_WIDTH1_FP_WIDTH16_20
V_M3D_unshared_block2/macro_column_accumulation_2__accumulation_buf_inst    430.7940     0.0     47.5020     59.5980 0.0000 accumulation_buf_MACRO_COLUMN256_MACRO_ROW4_log2_MACRO_ROW2_log2_MACRO_COLUMN8_EXP_WIDTH8_MANTISSA_WIDTH7_SIGN_WIDTH1_FP_WIDTH16_13
V_M3D_unshared_block2/macro_column_accumulation_2__accumulation_buf_inst/u_float_adder_single_cycle    323.6940     0.0    287.4060     36.2880 0.0000 fp_add_single_cycle_EXP_WIDTH8_MANTISSA_WIDTH7_SIGN_WIDTH1_FP_WIDTH16_19
V_M3D_unshared_block2/macro_column_accumulation_3__accumulation_buf_inst    436.2120     0.0     47.5020     59.5980 0.0000 accumulation_buf_MACRO_COLUMN256_MACRO_ROW4_log2_MACRO_ROW2_log2_MACRO_COLUMN8_EXP_WIDTH8_MANTISSA_WIDTH7_SIGN_WIDTH1_FP_WIDTH16_12
V_M3D_unshared_block2/macro_column_accumulation_3__accumulation_buf_inst/u_float_adder_single_cycle    329.1120     0.0    292.8240     36.2880 0.0000 fp_add_single_cycle_EXP_WIDTH8_MANTISSA_WIDTH7_SIGN_WIDTH1_FP_WIDTH16_18
V_M3D_unshared_block2/macro_column_accumulation_4__accumulation_buf_inst    433.6920     0.0     47.2500     59.5980 0.0000 accumulation_buf_MACRO_COLUMN256_MACRO_ROW4_log2_MACRO_ROW2_log2_MACRO_COLUMN8_EXP_WIDTH8_MANTISSA_WIDTH7_SIGN_WIDTH1_FP_WIDTH16_11
V_M3D_unshared_block2/macro_column_accumulation_4__accumulation_buf_inst/u_float_adder_single_cycle    326.8440     0.0    290.5560     36.2880 0.0000 fp_add_single_cycle_EXP_WIDTH8_MANTISSA_WIDTH7_SIGN_WIDTH1_FP_WIDTH16_17
V_M3D_unshared_block2/macro_column_accumulation_5__accumulation_buf_inst    439.1100     0.0     47.5020     59.5980 0.0000 accumulation_buf_MACRO_COLUMN256_MACRO_ROW4_log2_MACRO_ROW2_log2_MACRO_COLUMN8_EXP_WIDTH8_MANTISSA_WIDTH7_SIGN_WIDTH1_FP_WIDTH16_10
V_M3D_unshared_block2/macro_column_accumulation_5__accumulation_buf_inst/u_float_adder_single_cycle    332.0100     0.0    295.7220     36.2880 0.0000 fp_add_single_cycle_EXP_WIDTH8_MANTISSA_WIDTH7_SIGN_WIDTH1_FP_WIDTH16_16
V_M3D_unshared_block2/macro_column_accumulation_6__accumulation_buf_inst    437.7240     0.0     47.7540     59.5980 0.0000 accumulation_buf_MACRO_COLUMN256_MACRO_ROW4_log2_MACRO_ROW2_log2_MACRO_COLUMN8_EXP_WIDTH8_MANTISSA_WIDTH7_SIGN_WIDTH1_FP_WIDTH16_9
V_M3D_unshared_block2/macro_column_accumulation_6__accumulation_buf_inst/u_float_adder_single_cycle    330.3720     0.0    294.0840     36.2880 0.0000 fp_add_single_cycle_EXP_WIDTH8_MANTISSA_WIDTH7_SIGN_WIDTH1_FP_WIDTH16_15
V_M3D_unshared_block2/macro_column_accumulation_7__accumulation_buf_inst    437.8500     0.0     47.2500     59.5980 0.0000 accumulation_buf_MACRO_COLUMN256_MACRO_ROW4_log2_MACRO_ROW2_log2_MACRO_COLUMN8_EXP_WIDTH8_MANTISSA_WIDTH7_SIGN_WIDTH1_FP_WIDTH16_8
V_M3D_unshared_block2/macro_column_accumulation_7__accumulation_buf_inst/u_float_adder_single_cycle    331.0020     0.0    294.7140     36.2880 0.0000 fp_add_single_cycle_EXP_WIDTH8_MANTISSA_WIDTH7_SIGN_WIDTH1_FP_WIDTH16_14
V_M3D_unshared_block2/macro_column_accumulation_8__accumulation_buf_inst    442.5120     0.0     48.2580     59.5980 0.0000 accumulation_buf_MACRO_COLUMN256_MACRO_ROW4_log2_MACRO_ROW2_log2_MACRO_COLUMN8_EXP_WIDTH8_MANTISSA_WIDTH7_SIGN_WIDTH1_FP_WIDTH16_7
V_M3D_unshared_block2/macro_column_accumulation_8__accumulation_buf_inst/u_float_adder_single_cycle    334.6560     0.0    298.3680     36.2880 0.0000 fp_add_single_cycle_EXP_WIDTH8_MANTISSA_WIDTH7_SIGN_WIDTH1_FP_WIDTH16_13
V_M3D_unshared_block2/macro_column_accumulation_9__accumulation_buf_inst    441.6300     0.0     47.2500     59.5980 0.0000 accumulation_buf_MACRO_COLUMN256_MACRO_ROW4_log2_MACRO_ROW2_log2_MACRO_COLUMN8_EXP_WIDTH8_MANTISSA_WIDTH7_SIGN_WIDTH1_FP_WIDTH16_6
V_M3D_unshared_block2/macro_column_accumulation_9__accumulation_buf_inst/u_float_adder_single_cycle    334.7820     0.0    298.4940     36.2880 0.0000 fp_add_single_cycle_EXP_WIDTH8_MANTISSA_WIDTH7_SIGN_WIDTH1_FP_WIDTH16_12
softmax_block1_inst                58577.2741      6.1      99.9180     428.4000  0.0000  softmax_block1_FP_WIDTH16_MANT_WIDTH7_EXP_WIDTH8_PARALLEL_ROW16_K_MACRO_ROW64_FP_EXP_WIDTH8_V_BANK_COLUMN1024_V_MACRO_COLUMN256_PARALLEL_COL4
softmax_block1_inst/SUB_0__fp_add_single_cycle_safe_softmax    351.4140     0.0    315.1260     36.2880 0.0000 fp_add_single_cycle_EXP_WIDTH8_MANTISSA_WIDTH7_SIGN_WIDTH1_FP_WIDTH16_42
softmax_block1_inst/SUB_1__fp_add_single_cycle_safe_softmax    331.3800     0.0    295.0920     36.2880 0.0000 fp_add_single_cycle_EXP_WIDTH8_MANTISSA_WIDTH7_SIGN_WIDTH1_FP_WIDTH16_41
softmax_block1_inst/SUB_2__fp_add_single_cycle_safe_softmax    332.8920     0.0    296.6040     36.2880 0.0000 fp_add_single_cycle_EXP_WIDTH8_MANTISSA_WIDTH7_SIGN_WIDTH1_FP_WIDTH16_40
softmax_block1_inst/SUB_3__fp_add_single_cycle_safe_softmax    342.0900     0.0    305.8020     36.2880 0.0000 fp_add_single_cycle_EXP_WIDTH8_MANTISSA_WIDTH7_SIGN_WIDTH1_FP_WIDTH16_39
softmax_block1_inst/pij_exp_0__exp_inst    918.7920     0.1     89.5860    103.6980 0.0000 exp_FP_WIDTH16_FP_EXP_WIDTH8_FP_MAN_WIDTH7_3
softmax_block1_inst/pij_exp_0__exp_inst/fp_add_single_cycle_inst    334.9080     0.0    298.6200     36.2880 0.0000 fp_add_single_cycle_EXP_WIDTH8_MANTISSA_WIDTH7_SIGN_WIDTH1_FP_WIDTH16_5
softmax_block1_inst/pij_exp_0__exp_inst/fp_mul_single_cycle_inst_0    232.0920     0.0    195.8040     36.2880 0.0000 fp_mul_single_cycle_EXP_WIDTH8_MANTISSA_WIDTH7_FP_WIDTH16_10
softmax_block1_inst/pij_exp_0__exp_inst/fp_mul_single_cycle_inst_1    158.5080     0.0    122.2200     36.2880 0.0000 fp_mul_single_cycle_EXP_WIDTH8_MANTISSA_WIDTH7_FP_WIDTH16_9
softmax_block1_inst/pij_exp_1__exp_inst    921.9420     0.1     91.6020    103.6980 0.0000 exp_FP_WIDTH16_FP_EXP_WIDTH8_FP_MAN_WIDTH7_2
softmax_block1_inst/pij_exp_1__exp_inst/fp_add_single_cycle_inst    335.5380     0.0    299.2500     36.2880 0.0000 fp_add_single_cycle_EXP_WIDTH8_MANTISSA_WIDTH7_SIGN_WIDTH1_FP_WIDTH16_4
softmax_block1_inst/pij_exp_1__exp_inst/fp_mul_single_cycle_inst_0    232.5960     0.0    196.3080     36.2880 0.0000 fp_mul_single_cycle_EXP_WIDTH8_MANTISSA_WIDTH7_FP_WIDTH16_8
softmax_block1_inst/pij_exp_1__exp_inst/fp_mul_single_cycle_inst_1    158.5080     0.0    122.2200     36.2880 0.0000 fp_mul_single_cycle_EXP_WIDTH8_MANTISSA_WIDTH7_FP_WIDTH16_7
softmax_block1_inst/pij_exp_2__exp_inst    921.0600     0.1     90.4680    103.6980 0.0000 exp_FP_WIDTH16_FP_EXP_WIDTH8_FP_MAN_WIDTH7_1
softmax_block1_inst/pij_exp_2__exp_inst/fp_add_single_cycle_inst    335.4120     0.0    299.1240     36.2880 0.0000 fp_add_single_cycle_EXP_WIDTH8_MANTISSA_WIDTH7_SIGN_WIDTH1_FP_WIDTH16_3
softmax_block1_inst/pij_exp_2__exp_inst/fp_mul_single_cycle_inst_0    232.9740     0.0    196.6860     36.2880 0.0000 fp_mul_single_cycle_EXP_WIDTH8_MANTISSA_WIDTH7_FP_WIDTH16_6
softmax_block1_inst/pij_exp_2__exp_inst/fp_mul_single_cycle_inst_1    158.5080     0.0    122.2200     36.2880 0.0000 fp_mul_single_cycle_EXP_WIDTH8_MANTISSA_WIDTH7_FP_WIDTH16_5
softmax_block1_inst/pij_exp_3__exp_inst    917.6580     0.1     90.2160    103.6980 0.0000 exp_FP_WIDTH16_FP_EXP_WIDTH8_FP_MAN_WIDTH7_0
softmax_block1_inst/pij_exp_3__exp_inst/fp_add_single_cycle_inst    333.0180     0.0    296.7300     36.2880 0.0000 fp_add_single_cycle_EXP_WIDTH8_MANTISSA_WIDTH7_SIGN_WIDTH1_FP_WIDTH16_2
softmax_block1_inst/pij_exp_3__exp_inst/fp_mul_single_cycle_inst_0    232.2180     0.0    195.9300     36.2880 0.0000 fp_mul_single_cycle_EXP_WIDTH8_MANTISSA_WIDTH7_FP_WIDTH16_4
softmax_block1_inst/pij_exp_3__exp_inst/fp_mul_single_cycle_inst_1    158.5080     0.0    122.2200     36.2880 0.0000 fp_mul_single_cycle_EXP_WIDTH8_MANTISSA_WIDTH7_FP_WIDTH16_3
softmax_block1_inst/sync_fifo_inst  53011.7282     5.5      44.2260      45.2340  0.0000  sync_fifo_ADDR_WIDTH8_DATA_WIDTH64
softmax_block1_inst/sync_fifo_inst/fifo_ram  52922.2682     5.5  21954.9964  30967.2718 0.0000 sync_fifo_ram_ADDR_WIDTH8_DATA_WIDTH64_FFD_EN0
softmax_block2_inst                 1426.1940      0.1       7.9380      72.0720  0.0000  softmax_block2_EXP_WIDTH8_MANTISSA_WIDTH7_SIGN_WIDTH1_FP_WIDTH16_PARALLEL_COL4_BANK_COL1024
softmax_block2_inst/reciprocal_inst   1023.7500     0.1     69.3000     128.5200  0.0000  reciprocal_EXP_WIDTH8_MANTISSA_WIDTH7_SIGN_WIDTH1_FP_WIDTH16
softmax_block2_inst/reciprocal_inst/add_inst     68.7960     0.0     34.7760     34.0200 0.0000 fp_add_single_cycle_EXP_WIDTH8_MANTISSA_WIDTH7_SIGN_WIDTH1_FP_WIDTH16_1
softmax_block2_inst/reciprocal_inst/fp_mul_single_cycle_inst_0     40.3200     0.0     19.9080     20.4120 0.0000 fp_mul_single_cycle_EXP_WIDTH8_MANTISSA_WIDTH7_FP_WIDTH16_2
softmax_block2_inst/reciprocal_inst/xn_cal_inst    716.8140     0.1      0.2520     79.3800 0.0000 Xn_cal_EXP_WIDTH8_MANTISSA_WIDTH7_SIGN_WIDTH1_FP_WIDTH16
softmax_block2_inst/reciprocal_inst/xn_cal_inst/fp_add_single_cycle_0    205.7580     0.0    169.4700     36.2880 0.0000 fp_add_single_cycle_EXP_WIDTH8_MANTISSA_WIDTH7_SIGN_WIDTH1_FP_WIDTH16_0
softmax_block2_inst/reciprocal_inst/xn_cal_inst/fp_mul_single_cycle_0    209.0340     0.0    172.1160     36.9180 0.0000 fp_mul_single_cycle_EXP_WIDTH8_MANTISSA_WIDTH7_FP_WIDTH16_1
softmax_block2_inst/reciprocal_inst/xn_cal_inst/fp_mul_single_cycle_1    222.3900     0.0    186.1020     36.2880 0.0000 fp_mul_single_cycle_EXP_WIDTH8_MANTISSA_WIDTH7_FP_WIDTH16_0
softmax_block2_inst/u_fp_add_single_cycle_0    322.4340     0.0    286.1460     36.2880 0.0000 fp_add_single_cycle_EXP_WIDTH8_MANTISSA_WIDTH7_SIGN_WIDTH1_FP_WIDTH16_38
softmax_block3_inst                 2109.4920      0.2     480.4380    1391.5440  0.0000  softmax_block3_EXP_WIDTH8_MANTISSA_WIDTH7_SIGN_WIDTH1_FP_WIDTH16_PARALLEL_ROW16
softmax_block3_inst/fp_mul_single_cycle_inst    237.5100     0.0    201.2220     36.2880 0.0000 fp_mul_single_cycle_EXP_WIDTH8_MANTISSA_WIDTH7_FP_WIDTH16_11
write_controller_inst               6679.8901      0.7       7.0560       8.6940  0.0000  write_controller_INPUT_WIDTH256_INPUT_NUM1_OUTPUT_NUM4_OUTPUT_RAM_WIDTH1024_OUTPUT_RAM_DEPTH4
write_controller_inst/FIFO_0__u_data_sync_fifo   1665.7200     0.2      7.5600      9.0720 0.0000 sync_fifo_ADDR_WIDTH1_DATA_WIDTH256_3
write_controller_inst/FIFO_0__u_data_sync_fifo/fifo_ram   1649.0880     0.2    681.4080    967.6800 0.0000 sync_fifo_ram_ADDR_WIDTH1_DATA_WIDTH256_FFD_EN0_3
write_controller_inst/FIFO_1__u_data_sync_fifo   1666.6020     0.2      7.5600      9.0720 0.0000 sync_fifo_ADDR_WIDTH1_DATA_WIDTH256_2
write_controller_inst/FIFO_1__u_data_sync_fifo/fifo_ram   1649.9700     0.2    682.2900    967.6800 0.0000 sync_fifo_ram_ADDR_WIDTH1_DATA_WIDTH256_FFD_EN0_2
write_controller_inst/FIFO_2__u_data_sync_fifo   1665.8460     0.2      7.5600      9.0720 0.0000 sync_fifo_ADDR_WIDTH1_DATA_WIDTH256_1
write_controller_inst/FIFO_2__u_data_sync_fifo/fifo_ram   1649.2140     0.2    681.5340    967.6800 0.0000 sync_fifo_ram_ADDR_WIDTH1_DATA_WIDTH256_FFD_EN0_1
write_controller_inst/FIFO_3__u_data_sync_fifo   1665.9720     0.2      7.5600      9.0720 0.0000 sync_fifo_ADDR_WIDTH1_DATA_WIDTH256_0
write_controller_inst/FIFO_3__u_data_sync_fifo/fifo_ram   1649.3400     0.2    681.6600    967.6800 0.0000 sync_fifo_ram_ADDR_WIDTH1_DATA_WIDTH256_FFD_EN0_0
--------------------------------  -----------  -------  -----------  -----------  ------  --------------------------------------------------------------------------------------------------------------------------------------------------------------------------------------------------------------------------------------------------------------
Total                                                   389916.5704  567289.5434  0.0000

1
