Warning: Design 'self_attention_top_K_MACRO_COLUMN2_K_MACRO_ROW64_V_MACRO_COLUMN32_V_MACRO_ROW4' has '1' unresolved references. For more detailed information, use the "link" command. (UID-341)
 
****************************************
Report : area
Design : self_attention_top_K_MACRO_COLUMN2_K_MACRO_ROW64_V_MACRO_COLUMN32_V_MACRO_ROW4
Version: O-2018.06-SP5-5
Date   : Mon Jun 30 03:15:07 2025
****************************************

Library(s) Used:

    tcbn28hpcplusbwp30p140hvtssg0p81v125c (File: /yuhome/cunsuan/yangjiaqi/Digital_code/m3d_self_attention_500MHz_deisgn_space/lib/tcbn28hpcplusbwp30p140hvtssg0p81v125c.db)

Number of ports:                       187580
Number of nets:                        335646
Number of cells:                       263439
Number of combinational cells:         153343
Number of sequential cells:             58156
Number of macros/black boxes:               0
Number of buf/inv:                      14872
Number of references:                      76

Combinational area:             107844.532696
Buf/Inv area:                     3993.570055
Noncombinational area:          121214.770991
Macro/Black Box area:                0.000000
Net Interconnect area:      undefined  (Wire load has zero net area)

Total cell area:                229059.303687
Total area:                 undefined

Information: This design contains black box (unknown) components. (RPT-8)

Hierarchical area distribution
------------------------------

                                  Global cell area              Local cell area
                                  --------------------  -------------------------------- 
Hierarchical cell                 Absolute     Percent  Combi-       Noncombi-    Black-
                                  Total        Total    national     national     boxes   Design
--------------------------------  -----------  -------  -----------  -----------  ------  -------------------------------------------------------------------------------------------------------------------------------------------------------------------------------------------------------------------------------------------------------------
self_attention_top_K_MACRO_COLUMN2_K_MACRO_ROW64_V_MACRO_COLUMN32_V_MACRO_ROW4 229059.3037   100.0   5470.6679    194.1660 0.0000 self_attention_top_K_MACRO_COLUMN2_K_MACRO_ROW64_V_MACRO_COLUMN32_V_MACRO_ROW4
GEMV_shared_block1_inst            11564.5320      5.0       6.3000       0.0000  0.0000  GEMV_shared_block1_EXP_WIDTH8_MANTISSA_WIDTH7_SIGN_WIDTH1_FP_WIDTH16_CMP_STAGES_PER_REG2_PARALLEL_ROW16_MACRO_DATA_WIDTH32
GEMV_shared_block1_inst/data_wr_exp_pre_align_0__u_pre_align_wr_data   3925.5300     1.7      0.5040     23.1840 0.0000 pre_align_EXP_WIDTH8_MANTISSA_WIDTH7_SIGN_WIDTH1_FP_WIDTH16_MACRO_DATA_WIDTH32_CMP_STAGES_PER_REG2_15
GEMV_shared_block1_inst/data_wr_exp_pre_align_0__u_pre_align_wr_data/u_cmp_exp_shift   1559.3760     0.7    859.1940      0.0000 0.0000 cmp_exp_shift_MACRO_DATA_WIDTH32_CMP_STAGES_PER_REG2_EXP_WIDTH8_MANTISSA_WIDTH7_SIGN_WIDTH1_FP_WIDTH16_15
GEMV_shared_block1_inst/data_wr_exp_pre_align_0__u_pre_align_wr_data/u_cmp_exp_shift/cmp_tree_inst    700.1820     0.3    700.1820      0.0000 0.0000 cmp_tree_INPUT_WIDTH8_INPUT_NUM32_15
GEMV_shared_block1_inst/data_wr_exp_pre_align_0__u_pre_align_wr_data/u_mantissa_shift_inst   2342.4660     1.0   1504.8180    837.6480 0.0000 mantissa_shift_MACRO_DATA_WIDTH32_SIGN_WIDTH1_MANTISSA_WIDTH7_EXP_WIDTH8_15
GEMV_shared_block1_inst/data_wr_exp_pre_align_10__u_pre_align_wr_data    510.8040     0.2      0.0000     23.1840 0.0000 pre_align_EXP_WIDTH8_MANTISSA_WIDTH7_SIGN_WIDTH1_FP_WIDTH16_MACRO_DATA_WIDTH32_CMP_STAGES_PER_REG2_5
GEMV_shared_block1_inst/data_wr_exp_pre_align_10__u_pre_align_wr_data/u_cmp_exp_shift    484.2180     0.2      0.0000      0.0000 0.0000 cmp_exp_shift_MACRO_DATA_WIDTH32_CMP_STAGES_PER_REG2_EXP_WIDTH8_MANTISSA_WIDTH7_SIGN_WIDTH1_FP_WIDTH16_5
GEMV_shared_block1_inst/data_wr_exp_pre_align_10__u_pre_align_wr_data/u_cmp_exp_shift/cmp_tree_inst    484.2180     0.2    484.2180      0.0000 0.0000 cmp_tree_INPUT_WIDTH8_INPUT_NUM32_5
GEMV_shared_block1_inst/data_wr_exp_pre_align_10__u_pre_align_wr_data/u_mantissa_shift_inst      3.4020     0.0      0.5040      2.8980 0.0000 mantissa_shift_MACRO_DATA_WIDTH32_SIGN_WIDTH1_MANTISSA_WIDTH7_EXP_WIDTH8_5
GEMV_shared_block1_inst/data_wr_exp_pre_align_11__u_pre_align_wr_data    503.7480     0.2      0.0000     23.1840 0.0000 pre_align_EXP_WIDTH8_MANTISSA_WIDTH7_SIGN_WIDTH1_FP_WIDTH16_MACRO_DATA_WIDTH32_CMP_STAGES_PER_REG2_4
GEMV_shared_block1_inst/data_wr_exp_pre_align_11__u_pre_align_wr_data/u_cmp_exp_shift    477.1620     0.2      0.0000      0.0000 0.0000 cmp_exp_shift_MACRO_DATA_WIDTH32_CMP_STAGES_PER_REG2_EXP_WIDTH8_MANTISSA_WIDTH7_SIGN_WIDTH1_FP_WIDTH16_4
GEMV_shared_block1_inst/data_wr_exp_pre_align_11__u_pre_align_wr_data/u_cmp_exp_shift/cmp_tree_inst    477.1620     0.2    477.1620      0.0000 0.0000 cmp_tree_INPUT_WIDTH8_INPUT_NUM32_4
GEMV_shared_block1_inst/data_wr_exp_pre_align_11__u_pre_align_wr_data/u_mantissa_shift_inst      3.4020     0.0      0.5040      2.8980 0.0000 mantissa_shift_MACRO_DATA_WIDTH32_SIGN_WIDTH1_MANTISSA_WIDTH7_EXP_WIDTH8_4
GEMV_shared_block1_inst/data_wr_exp_pre_align_12__u_pre_align_wr_data    507.6540     0.2      0.0000     23.1840 0.0000 pre_align_EXP_WIDTH8_MANTISSA_WIDTH7_SIGN_WIDTH1_FP_WIDTH16_MACRO_DATA_WIDTH32_CMP_STAGES_PER_REG2_3
GEMV_shared_block1_inst/data_wr_exp_pre_align_12__u_pre_align_wr_data/u_cmp_exp_shift    481.0680     0.2      0.0000      0.0000 0.0000 cmp_exp_shift_MACRO_DATA_WIDTH32_CMP_STAGES_PER_REG2_EXP_WIDTH8_MANTISSA_WIDTH7_SIGN_WIDTH1_FP_WIDTH16_3
GEMV_shared_block1_inst/data_wr_exp_pre_align_12__u_pre_align_wr_data/u_cmp_exp_shift/cmp_tree_inst    481.0680     0.2    481.0680      0.0000 0.0000 cmp_tree_INPUT_WIDTH8_INPUT_NUM32_3
GEMV_shared_block1_inst/data_wr_exp_pre_align_12__u_pre_align_wr_data/u_mantissa_shift_inst      3.4020     0.0      0.5040      2.8980 0.0000 mantissa_shift_MACRO_DATA_WIDTH32_SIGN_WIDTH1_MANTISSA_WIDTH7_EXP_WIDTH8_3
GEMV_shared_block1_inst/data_wr_exp_pre_align_13__u_pre_align_wr_data    516.0960     0.2      0.0000     23.1840 0.0000 pre_align_EXP_WIDTH8_MANTISSA_WIDTH7_SIGN_WIDTH1_FP_WIDTH16_MACRO_DATA_WIDTH32_CMP_STAGES_PER_REG2_2
GEMV_shared_block1_inst/data_wr_exp_pre_align_13__u_pre_align_wr_data/u_cmp_exp_shift    489.5100     0.2      0.0000      0.0000 0.0000 cmp_exp_shift_MACRO_DATA_WIDTH32_CMP_STAGES_PER_REG2_EXP_WIDTH8_MANTISSA_WIDTH7_SIGN_WIDTH1_FP_WIDTH16_2
GEMV_shared_block1_inst/data_wr_exp_pre_align_13__u_pre_align_wr_data/u_cmp_exp_shift/cmp_tree_inst    489.5100     0.2    489.5100      0.0000 0.0000 cmp_tree_INPUT_WIDTH8_INPUT_NUM32_2
GEMV_shared_block1_inst/data_wr_exp_pre_align_13__u_pre_align_wr_data/u_mantissa_shift_inst      3.4020     0.0      0.5040      2.8980 0.0000 mantissa_shift_MACRO_DATA_WIDTH32_SIGN_WIDTH1_MANTISSA_WIDTH7_EXP_WIDTH8_2
GEMV_shared_block1_inst/data_wr_exp_pre_align_14__u_pre_align_wr_data    504.5040     0.2      0.0000     23.1840 0.0000 pre_align_EXP_WIDTH8_MANTISSA_WIDTH7_SIGN_WIDTH1_FP_WIDTH16_MACRO_DATA_WIDTH32_CMP_STAGES_PER_REG2_1
GEMV_shared_block1_inst/data_wr_exp_pre_align_14__u_pre_align_wr_data/u_cmp_exp_shift    477.9180     0.2      0.0000      0.0000 0.0000 cmp_exp_shift_MACRO_DATA_WIDTH32_CMP_STAGES_PER_REG2_EXP_WIDTH8_MANTISSA_WIDTH7_SIGN_WIDTH1_FP_WIDTH16_1
GEMV_shared_block1_inst/data_wr_exp_pre_align_14__u_pre_align_wr_data/u_cmp_exp_shift/cmp_tree_inst    477.9180     0.2    477.9180      0.0000 0.0000 cmp_tree_INPUT_WIDTH8_INPUT_NUM32_1
GEMV_shared_block1_inst/data_wr_exp_pre_align_14__u_pre_align_wr_data/u_mantissa_shift_inst      3.4020     0.0      0.5040      2.8980 0.0000 mantissa_shift_MACRO_DATA_WIDTH32_SIGN_WIDTH1_MANTISSA_WIDTH7_EXP_WIDTH8_1
GEMV_shared_block1_inst/data_wr_exp_pre_align_15__u_pre_align_wr_data    508.1580     0.2      0.0000     23.1840 0.0000 pre_align_EXP_WIDTH8_MANTISSA_WIDTH7_SIGN_WIDTH1_FP_WIDTH16_MACRO_DATA_WIDTH32_CMP_STAGES_PER_REG2_0
GEMV_shared_block1_inst/data_wr_exp_pre_align_15__u_pre_align_wr_data/u_cmp_exp_shift    481.5720     0.2      0.0000      0.0000 0.0000 cmp_exp_shift_MACRO_DATA_WIDTH32_CMP_STAGES_PER_REG2_EXP_WIDTH8_MANTISSA_WIDTH7_SIGN_WIDTH1_FP_WIDTH16_0
GEMV_shared_block1_inst/data_wr_exp_pre_align_15__u_pre_align_wr_data/u_cmp_exp_shift/cmp_tree_inst    481.5720     0.2    481.5720      0.0000 0.0000 cmp_tree_INPUT_WIDTH8_INPUT_NUM32_0
GEMV_shared_block1_inst/data_wr_exp_pre_align_15__u_pre_align_wr_data/u_mantissa_shift_inst      3.4020     0.0      0.5040      2.8980 0.0000 mantissa_shift_MACRO_DATA_WIDTH32_SIGN_WIDTH1_MANTISSA_WIDTH7_EXP_WIDTH8_0
GEMV_shared_block1_inst/data_wr_exp_pre_align_1__u_pre_align_wr_data    511.3080     0.2      0.0000     23.1840 0.0000 pre_align_EXP_WIDTH8_MANTISSA_WIDTH7_SIGN_WIDTH1_FP_WIDTH16_MACRO_DATA_WIDTH32_CMP_STAGES_PER_REG2_14
GEMV_shared_block1_inst/data_wr_exp_pre_align_1__u_pre_align_wr_data/u_cmp_exp_shift    484.7220     0.2      0.0000      0.0000 0.0000 cmp_exp_shift_MACRO_DATA_WIDTH32_CMP_STAGES_PER_REG2_EXP_WIDTH8_MANTISSA_WIDTH7_SIGN_WIDTH1_FP_WIDTH16_14
GEMV_shared_block1_inst/data_wr_exp_pre_align_1__u_pre_align_wr_data/u_cmp_exp_shift/cmp_tree_inst    484.7220     0.2    484.7220      0.0000 0.0000 cmp_tree_INPUT_WIDTH8_INPUT_NUM32_14
GEMV_shared_block1_inst/data_wr_exp_pre_align_1__u_pre_align_wr_data/u_mantissa_shift_inst      3.4020     0.0      0.5040      2.8980 0.0000 mantissa_shift_MACRO_DATA_WIDTH32_SIGN_WIDTH1_MANTISSA_WIDTH7_EXP_WIDTH8_14
GEMV_shared_block1_inst/data_wr_exp_pre_align_2__u_pre_align_wr_data    515.4660     0.2      0.0000     23.1840 0.0000 pre_align_EXP_WIDTH8_MANTISSA_WIDTH7_SIGN_WIDTH1_FP_WIDTH16_MACRO_DATA_WIDTH32_CMP_STAGES_PER_REG2_13
GEMV_shared_block1_inst/data_wr_exp_pre_align_2__u_pre_align_wr_data/u_cmp_exp_shift    488.8800     0.2      0.0000      0.0000 0.0000 cmp_exp_shift_MACRO_DATA_WIDTH32_CMP_STAGES_PER_REG2_EXP_WIDTH8_MANTISSA_WIDTH7_SIGN_WIDTH1_FP_WIDTH16_13
GEMV_shared_block1_inst/data_wr_exp_pre_align_2__u_pre_align_wr_data/u_cmp_exp_shift/cmp_tree_inst    488.8800     0.2    488.8800      0.0000 0.0000 cmp_tree_INPUT_WIDTH8_INPUT_NUM32_13
GEMV_shared_block1_inst/data_wr_exp_pre_align_2__u_pre_align_wr_data/u_mantissa_shift_inst      3.4020     0.0      0.5040      2.8980 0.0000 mantissa_shift_MACRO_DATA_WIDTH32_SIGN_WIDTH1_MANTISSA_WIDTH7_EXP_WIDTH8_13
GEMV_shared_block1_inst/data_wr_exp_pre_align_3__u_pre_align_wr_data    514.3320     0.2      0.0000     23.3100 0.0000 pre_align_EXP_WIDTH8_MANTISSA_WIDTH7_SIGN_WIDTH1_FP_WIDTH16_MACRO_DATA_WIDTH32_CMP_STAGES_PER_REG2_12
GEMV_shared_block1_inst/data_wr_exp_pre_align_3__u_pre_align_wr_data/u_cmp_exp_shift    487.6200     0.2      0.0000      0.0000 0.0000 cmp_exp_shift_MACRO_DATA_WIDTH32_CMP_STAGES_PER_REG2_EXP_WIDTH8_MANTISSA_WIDTH7_SIGN_WIDTH1_FP_WIDTH16_12
GEMV_shared_block1_inst/data_wr_exp_pre_align_3__u_pre_align_wr_data/u_cmp_exp_shift/cmp_tree_inst    487.6200     0.2    487.6200      0.0000 0.0000 cmp_tree_INPUT_WIDTH8_INPUT_NUM32_12
GEMV_shared_block1_inst/data_wr_exp_pre_align_3__u_pre_align_wr_data/u_mantissa_shift_inst      3.4020     0.0      0.5040      2.8980 0.0000 mantissa_shift_MACRO_DATA_WIDTH32_SIGN_WIDTH1_MANTISSA_WIDTH7_EXP_WIDTH8_12
GEMV_shared_block1_inst/data_wr_exp_pre_align_4__u_pre_align_wr_data    508.7880     0.2      0.0000     23.1840 0.0000 pre_align_EXP_WIDTH8_MANTISSA_WIDTH7_SIGN_WIDTH1_FP_WIDTH16_MACRO_DATA_WIDTH32_CMP_STAGES_PER_REG2_11
GEMV_shared_block1_inst/data_wr_exp_pre_align_4__u_pre_align_wr_data/u_cmp_exp_shift    482.2020     0.2      0.0000      0.0000 0.0000 cmp_exp_shift_MACRO_DATA_WIDTH32_CMP_STAGES_PER_REG2_EXP_WIDTH8_MANTISSA_WIDTH7_SIGN_WIDTH1_FP_WIDTH16_11
GEMV_shared_block1_inst/data_wr_exp_pre_align_4__u_pre_align_wr_data/u_cmp_exp_shift/cmp_tree_inst    482.2020     0.2    482.2020      0.0000 0.0000 cmp_tree_INPUT_WIDTH8_INPUT_NUM32_11
GEMV_shared_block1_inst/data_wr_exp_pre_align_4__u_pre_align_wr_data/u_mantissa_shift_inst      3.4020     0.0      0.5040      2.8980 0.0000 mantissa_shift_MACRO_DATA_WIDTH32_SIGN_WIDTH1_MANTISSA_WIDTH7_EXP_WIDTH8_11
GEMV_shared_block1_inst/data_wr_exp_pre_align_5__u_pre_align_wr_data    505.2600     0.2      0.0000     23.1840 0.0000 pre_align_EXP_WIDTH8_MANTISSA_WIDTH7_SIGN_WIDTH1_FP_WIDTH16_MACRO_DATA_WIDTH32_CMP_STAGES_PER_REG2_10
GEMV_shared_block1_inst/data_wr_exp_pre_align_5__u_pre_align_wr_data/u_cmp_exp_shift    478.6740     0.2      0.0000      0.0000 0.0000 cmp_exp_shift_MACRO_DATA_WIDTH32_CMP_STAGES_PER_REG2_EXP_WIDTH8_MANTISSA_WIDTH7_SIGN_WIDTH1_FP_WIDTH16_10
GEMV_shared_block1_inst/data_wr_exp_pre_align_5__u_pre_align_wr_data/u_cmp_exp_shift/cmp_tree_inst    478.6740     0.2    478.6740      0.0000 0.0000 cmp_tree_INPUT_WIDTH8_INPUT_NUM32_10
GEMV_shared_block1_inst/data_wr_exp_pre_align_5__u_pre_align_wr_data/u_mantissa_shift_inst      3.4020     0.0      0.5040      2.8980 0.0000 mantissa_shift_MACRO_DATA_WIDTH32_SIGN_WIDTH1_MANTISSA_WIDTH7_EXP_WIDTH8_10
GEMV_shared_block1_inst/data_wr_exp_pre_align_6__u_pre_align_wr_data    506.5200     0.2      0.0000     23.1840 0.0000 pre_align_EXP_WIDTH8_MANTISSA_WIDTH7_SIGN_WIDTH1_FP_WIDTH16_MACRO_DATA_WIDTH32_CMP_STAGES_PER_REG2_9
GEMV_shared_block1_inst/data_wr_exp_pre_align_6__u_pre_align_wr_data/u_cmp_exp_shift    479.9340     0.2      0.0000      0.0000 0.0000 cmp_exp_shift_MACRO_DATA_WIDTH32_CMP_STAGES_PER_REG2_EXP_WIDTH8_MANTISSA_WIDTH7_SIGN_WIDTH1_FP_WIDTH16_9
GEMV_shared_block1_inst/data_wr_exp_pre_align_6__u_pre_align_wr_data/u_cmp_exp_shift/cmp_tree_inst    479.9340     0.2    479.9340      0.0000 0.0000 cmp_tree_INPUT_WIDTH8_INPUT_NUM32_9
GEMV_shared_block1_inst/data_wr_exp_pre_align_6__u_pre_align_wr_data/u_mantissa_shift_inst      3.4020     0.0      0.5040      2.8980 0.0000 mantissa_shift_MACRO_DATA_WIDTH32_SIGN_WIDTH1_MANTISSA_WIDTH7_EXP_WIDTH8_9
GEMV_shared_block1_inst/data_wr_exp_pre_align_7__u_pre_align_wr_data    509.0400     0.2      0.0000     23.1840 0.0000 pre_align_EXP_WIDTH8_MANTISSA_WIDTH7_SIGN_WIDTH1_FP_WIDTH16_MACRO_DATA_WIDTH32_CMP_STAGES_PER_REG2_8
GEMV_shared_block1_inst/data_wr_exp_pre_align_7__u_pre_align_wr_data/u_cmp_exp_shift    482.4540     0.2      0.0000      0.0000 0.0000 cmp_exp_shift_MACRO_DATA_WIDTH32_CMP_STAGES_PER_REG2_EXP_WIDTH8_MANTISSA_WIDTH7_SIGN_WIDTH1_FP_WIDTH16_8
GEMV_shared_block1_inst/data_wr_exp_pre_align_7__u_pre_align_wr_data/u_cmp_exp_shift/cmp_tree_inst    482.4540     0.2    482.4540      0.0000 0.0000 cmp_tree_INPUT_WIDTH8_INPUT_NUM32_8
GEMV_shared_block1_inst/data_wr_exp_pre_align_7__u_pre_align_wr_data/u_mantissa_shift_inst      3.4020     0.0      0.5040      2.8980 0.0000 mantissa_shift_MACRO_DATA_WIDTH32_SIGN_WIDTH1_MANTISSA_WIDTH7_EXP_WIDTH8_8
GEMV_shared_block1_inst/data_wr_exp_pre_align_8__u_pre_align_wr_data    505.1340     0.2      0.0000     23.1840 0.0000 pre_align_EXP_WIDTH8_MANTISSA_WIDTH7_SIGN_WIDTH1_FP_WIDTH16_MACRO_DATA_WIDTH32_CMP_STAGES_PER_REG2_7
GEMV_shared_block1_inst/data_wr_exp_pre_align_8__u_pre_align_wr_data/u_cmp_exp_shift    478.5480     0.2      0.0000      0.0000 0.0000 cmp_exp_shift_MACRO_DATA_WIDTH32_CMP_STAGES_PER_REG2_EXP_WIDTH8_MANTISSA_WIDTH7_SIGN_WIDTH1_FP_WIDTH16_7
GEMV_shared_block1_inst/data_wr_exp_pre_align_8__u_pre_align_wr_data/u_cmp_exp_shift/cmp_tree_inst    478.5480     0.2    478.5480      0.0000 0.0000 cmp_tree_INPUT_WIDTH8_INPUT_NUM32_7
GEMV_shared_block1_inst/data_wr_exp_pre_align_8__u_pre_align_wr_data/u_mantissa_shift_inst      3.4020     0.0      0.5040      2.8980 0.0000 mantissa_shift_MACRO_DATA_WIDTH32_SIGN_WIDTH1_MANTISSA_WIDTH7_EXP_WIDTH8_7
GEMV_shared_block1_inst/data_wr_exp_pre_align_9__u_pre_align_wr_data    505.8900     0.2      0.0000     23.1840 0.0000 pre_align_EXP_WIDTH8_MANTISSA_WIDTH7_SIGN_WIDTH1_FP_WIDTH16_MACRO_DATA_WIDTH32_CMP_STAGES_PER_REG2_6
GEMV_shared_block1_inst/data_wr_exp_pre_align_9__u_pre_align_wr_data/u_cmp_exp_shift    479.3040     0.2      0.0000      0.0000 0.0000 cmp_exp_shift_MACRO_DATA_WIDTH32_CMP_STAGES_PER_REG2_EXP_WIDTH8_MANTISSA_WIDTH7_SIGN_WIDTH1_FP_WIDTH16_6
GEMV_shared_block1_inst/data_wr_exp_pre_align_9__u_pre_align_wr_data/u_cmp_exp_shift/cmp_tree_inst    479.3040     0.2    479.3040      0.0000 0.0000 cmp_tree_INPUT_WIDTH8_INPUT_NUM32_6
GEMV_shared_block1_inst/data_wr_exp_pre_align_9__u_pre_align_wr_data/u_mantissa_shift_inst      3.4020     0.0      0.5040      2.8980 0.0000 mantissa_shift_MACRO_DATA_WIDTH32_SIGN_WIDTH1_MANTISSA_WIDTH7_EXP_WIDTH8_6
GEMV_shared_block2_inst            46314.8276     20.2       7.9380       0.0000  0.0000  GEMV_shared_block2_BANK_DATA_WIDTH512_BANK_NUM9_MACRO_DATA_WIDTH32_ROUND128_EXP_WIDTH8_MANTISSA_WIDTH7_SIGN_WIDTH1_FP_WIDTH16_PARALLEL_ROW16_ADDER_TREE_WIDTH14_BIT_SERIAL_ACC_WIDTH23_COMPUTE_CYCLE9
GEMV_shared_block2_inst/bf16_combination_block_0__u_bf16_combination    312.7320     0.1    164.4300    124.7400 0.0000 bf16_combination_BIT_SERIAL_ACC_WIDTH23_COMPUTE_CYCLE9_BANK_NUM9_EXP_WIDTH8_MANTISSA_WIDTH7_SIGN_WIDTH1_FP_WIDTH16_15
GEMV_shared_block2_inst/bf16_combination_block_0__u_bf16_combination/u_leading_one_detect_com     23.5620     0.0     23.5620      0.0000 0.0000 leading_one_detect_com_INPUT_WIDTH23_OUTPUT_WIDTH6_15
GEMV_shared_block2_inst/bf16_combination_block_10__u_bf16_combination    315.1260     0.1    167.3280    125.3700 0.0000 bf16_combination_BIT_SERIAL_ACC_WIDTH23_COMPUTE_CYCLE9_BANK_NUM9_EXP_WIDTH8_MANTISSA_WIDTH7_SIGN_WIDTH1_FP_WIDTH16_5
GEMV_shared_block2_inst/bf16_combination_block_10__u_bf16_combination/u_leading_one_detect_com     22.4280     0.0     22.4280      0.0000 0.0000 leading_one_detect_com_INPUT_WIDTH23_OUTPUT_WIDTH6_5
GEMV_shared_block2_inst/bf16_combination_block_11__u_bf16_combination    314.8740     0.1    165.6900    125.3700 0.0000 bf16_combination_BIT_SERIAL_ACC_WIDTH23_COMPUTE_CYCLE9_BANK_NUM9_EXP_WIDTH8_MANTISSA_WIDTH7_SIGN_WIDTH1_FP_WIDTH16_4
GEMV_shared_block2_inst/bf16_combination_block_11__u_bf16_combination/u_leading_one_detect_com     23.8140     0.0     23.8140      0.0000 0.0000 leading_one_detect_com_INPUT_WIDTH23_OUTPUT_WIDTH6_4
GEMV_shared_block2_inst/bf16_combination_block_12__u_bf16_combination    315.0000     0.1    165.8160    125.3700 0.0000 bf16_combination_BIT_SERIAL_ACC_WIDTH23_COMPUTE_CYCLE9_BANK_NUM9_EXP_WIDTH8_MANTISSA_WIDTH7_SIGN_WIDTH1_FP_WIDTH16_3
GEMV_shared_block2_inst/bf16_combination_block_12__u_bf16_combination/u_leading_one_detect_com     23.8140     0.0     23.8140      0.0000 0.0000 leading_one_detect_com_INPUT_WIDTH23_OUTPUT_WIDTH6_3
GEMV_shared_block2_inst/bf16_combination_block_13__u_bf16_combination    311.5980     0.1    164.3040    125.3700 0.0000 bf16_combination_BIT_SERIAL_ACC_WIDTH23_COMPUTE_CYCLE9_BANK_NUM9_EXP_WIDTH8_MANTISSA_WIDTH7_SIGN_WIDTH1_FP_WIDTH16_2
GEMV_shared_block2_inst/bf16_combination_block_13__u_bf16_combination/u_leading_one_detect_com     21.9240     0.0     21.9240      0.0000 0.0000 leading_one_detect_com_INPUT_WIDTH23_OUTPUT_WIDTH6_2
GEMV_shared_block2_inst/bf16_combination_block_14__u_bf16_combination    311.3460     0.1    163.8000    124.7400 0.0000 bf16_combination_BIT_SERIAL_ACC_WIDTH23_COMPUTE_CYCLE9_BANK_NUM9_EXP_WIDTH8_MANTISSA_WIDTH7_SIGN_WIDTH1_FP_WIDTH16_1
GEMV_shared_block2_inst/bf16_combination_block_14__u_bf16_combination/u_leading_one_detect_com     22.8060     0.0     22.8060      0.0000 0.0000 leading_one_detect_com_INPUT_WIDTH23_OUTPUT_WIDTH6_1
GEMV_shared_block2_inst/bf16_combination_block_15__u_bf16_combination    310.9680     0.1    164.9340    124.7400 0.0000 bf16_combination_BIT_SERIAL_ACC_WIDTH23_COMPUTE_CYCLE9_BANK_NUM9_EXP_WIDTH8_MANTISSA_WIDTH7_SIGN_WIDTH1_FP_WIDTH16_0
GEMV_shared_block2_inst/bf16_combination_block_15__u_bf16_combination/u_leading_one_detect_com     21.2940     0.0     21.2940      0.0000 0.0000 leading_one_detect_com_INPUT_WIDTH23_OUTPUT_WIDTH6_0
GEMV_shared_block2_inst/bf16_combination_block_1__u_bf16_combination    308.3220     0.1    163.6740    122.2200 0.0000 bf16_combination_BIT_SERIAL_ACC_WIDTH23_COMPUTE_CYCLE9_BANK_NUM9_EXP_WIDTH8_MANTISSA_WIDTH7_SIGN_WIDTH1_FP_WIDTH16_14
GEMV_shared_block2_inst/bf16_combination_block_1__u_bf16_combination/u_leading_one_detect_com     22.4280     0.0     22.4280      0.0000 0.0000 leading_one_detect_com_INPUT_WIDTH23_OUTPUT_WIDTH6_14
GEMV_shared_block2_inst/bf16_combination_block_2__u_bf16_combination    312.4800     0.1    165.9420    123.8580 0.0000 bf16_combination_BIT_SERIAL_ACC_WIDTH23_COMPUTE_CYCLE9_BANK_NUM9_EXP_WIDTH8_MANTISSA_WIDTH7_SIGN_WIDTH1_FP_WIDTH16_13
GEMV_shared_block2_inst/bf16_combination_block_2__u_bf16_combination/u_leading_one_detect_com     22.6800     0.0     22.6800      0.0000 0.0000 leading_one_detect_com_INPUT_WIDTH23_OUTPUT_WIDTH6_13
GEMV_shared_block2_inst/bf16_combination_block_3__u_bf16_combination    315.5040     0.1    166.3200    125.1180 0.0000 bf16_combination_BIT_SERIAL_ACC_WIDTH23_COMPUTE_CYCLE9_BANK_NUM9_EXP_WIDTH8_MANTISSA_WIDTH7_SIGN_WIDTH1_FP_WIDTH16_12
GEMV_shared_block2_inst/bf16_combination_block_3__u_bf16_combination/u_leading_one_detect_com     24.0660     0.0     24.0660      0.0000 0.0000 leading_one_detect_com_INPUT_WIDTH23_OUTPUT_WIDTH6_12
GEMV_shared_block2_inst/bf16_combination_block_4__u_bf16_combination    309.3300     0.1    164.4300    121.0860 0.0000 bf16_combination_BIT_SERIAL_ACC_WIDTH23_COMPUTE_CYCLE9_BANK_NUM9_EXP_WIDTH8_MANTISSA_WIDTH7_SIGN_WIDTH1_FP_WIDTH16_11
GEMV_shared_block2_inst/bf16_combination_block_4__u_bf16_combination/u_leading_one_detect_com     23.8140     0.0     23.8140      0.0000 0.0000 leading_one_detect_com_INPUT_WIDTH23_OUTPUT_WIDTH6_11
GEMV_shared_block2_inst/bf16_combination_block_5__u_bf16_combination    314.2440     0.1    166.0680    126.6300 0.0000 bf16_combination_BIT_SERIAL_ACC_WIDTH23_COMPUTE_CYCLE9_BANK_NUM9_EXP_WIDTH8_MANTISSA_WIDTH7_SIGN_WIDTH1_FP_WIDTH16_10
GEMV_shared_block2_inst/bf16_combination_block_5__u_bf16_combination/u_leading_one_detect_com     21.5460     0.0     21.5460      0.0000 0.0000 leading_one_detect_com_INPUT_WIDTH23_OUTPUT_WIDTH6_10
GEMV_shared_block2_inst/bf16_combination_block_6__u_bf16_combination    313.6140     0.1    165.4380    125.3700 0.0000 bf16_combination_BIT_SERIAL_ACC_WIDTH23_COMPUTE_CYCLE9_BANK_NUM9_EXP_WIDTH8_MANTISSA_WIDTH7_SIGN_WIDTH1_FP_WIDTH16_9
GEMV_shared_block2_inst/bf16_combination_block_6__u_bf16_combination/u_leading_one_detect_com     22.8060     0.0     22.8060      0.0000 0.0000 leading_one_detect_com_INPUT_WIDTH23_OUTPUT_WIDTH6_9
GEMV_shared_block2_inst/bf16_combination_block_7__u_bf16_combination    314.7480     0.1    165.8160    125.7480 0.0000 bf16_combination_BIT_SERIAL_ACC_WIDTH23_COMPUTE_CYCLE9_BANK_NUM9_EXP_WIDTH8_MANTISSA_WIDTH7_SIGN_WIDTH1_FP_WIDTH16_8
GEMV_shared_block2_inst/bf16_combination_block_7__u_bf16_combination/u_leading_one_detect_com     23.1840     0.0     23.1840      0.0000 0.0000 leading_one_detect_com_INPUT_WIDTH23_OUTPUT_WIDTH6_8
GEMV_shared_block2_inst/bf16_combination_block_8__u_bf16_combination    309.8340     0.1    166.3200    120.0780 0.0000 bf16_combination_BIT_SERIAL_ACC_WIDTH23_COMPUTE_CYCLE9_BANK_NUM9_EXP_WIDTH8_MANTISSA_WIDTH7_SIGN_WIDTH1_FP_WIDTH16_7
GEMV_shared_block2_inst/bf16_combination_block_8__u_bf16_combination/u_leading_one_detect_com     23.4360     0.0     23.4360      0.0000 0.0000 leading_one_detect_com_INPUT_WIDTH23_OUTPUT_WIDTH6_7
GEMV_shared_block2_inst/bf16_combination_block_9__u_bf16_combination    313.2360     0.1    164.9340    125.3700 0.0000 bf16_combination_BIT_SERIAL_ACC_WIDTH23_COMPUTE_CYCLE9_BANK_NUM9_EXP_WIDTH8_MANTISSA_WIDTH7_SIGN_WIDTH1_FP_WIDTH16_6
GEMV_shared_block2_inst/bf16_combination_block_9__u_bf16_combination/u_leading_one_detect_com     22.9320     0.0     22.9320      0.0000 0.0000 leading_one_detect_com_INPUT_WIDTH23_OUTPUT_WIDTH6_6
GEMV_shared_block2_inst/u_Accumulation_top  41303.9337    18.0      6.3000      0.0000 0.0000 Accumulation_top_BANK_DATA_WIDTH512_BANK_NUM9_MACRO_DATA_WIDTH32_COL_BLOCK_SIZE16_ADDER_TREE_WIDTH14_BIT_SERIAL_ACC_WIDTH23_COMPUTE_CYCLE9_ROUND128
GEMV_shared_block2_inst/u_Accumulation_top/adder_tree_0__u_adder_tree_reg   2293.0740     1.0    864.3600   1428.7140 0.0000 adder_tree_reg_INPUT_WIDTH14_INPUT_NUM32_STAGES_PER_REG4_15
GEMV_shared_block2_inst/u_Accumulation_top/adder_tree_10__u_adder_tree_reg   2293.0740     1.0    864.3600   1428.7140 0.0000 adder_tree_reg_INPUT_WIDTH14_INPUT_NUM32_STAGES_PER_REG4_5
GEMV_shared_block2_inst/u_Accumulation_top/adder_tree_11__u_adder_tree_reg   2293.0740     1.0    864.3600   1428.7140 0.0000 adder_tree_reg_INPUT_WIDTH14_INPUT_NUM32_STAGES_PER_REG4_4
GEMV_shared_block2_inst/u_Accumulation_top/adder_tree_12__u_adder_tree_reg   2292.8220     1.0    864.1080   1428.7140 0.0000 adder_tree_reg_INPUT_WIDTH14_INPUT_NUM32_STAGES_PER_REG4_3
GEMV_shared_block2_inst/u_Accumulation_top/adder_tree_13__u_adder_tree_reg   2293.0740     1.0    864.3600   1428.7140 0.0000 adder_tree_reg_INPUT_WIDTH14_INPUT_NUM32_STAGES_PER_REG4_2
GEMV_shared_block2_inst/u_Accumulation_top/adder_tree_14__u_adder_tree_reg   2292.8220     1.0    864.1080   1428.7140 0.0000 adder_tree_reg_INPUT_WIDTH14_INPUT_NUM32_STAGES_PER_REG4_1
GEMV_shared_block2_inst/u_Accumulation_top/adder_tree_15__u_adder_tree_reg   2292.8220     1.0    864.1080   1428.7140 0.0000 adder_tree_reg_INPUT_WIDTH14_INPUT_NUM32_STAGES_PER_REG4_0
GEMV_shared_block2_inst/u_Accumulation_top/adder_tree_1__u_adder_tree_reg   2293.0740     1.0    864.3600   1428.7140 0.0000 adder_tree_reg_INPUT_WIDTH14_INPUT_NUM32_STAGES_PER_REG4_14
GEMV_shared_block2_inst/u_Accumulation_top/adder_tree_2__u_adder_tree_reg   2292.8220     1.0    864.1080   1428.7140 0.0000 adder_tree_reg_INPUT_WIDTH14_INPUT_NUM32_STAGES_PER_REG4_13
GEMV_shared_block2_inst/u_Accumulation_top/adder_tree_3__u_adder_tree_reg   2293.0740     1.0    864.3600   1428.7140 0.0000 adder_tree_reg_INPUT_WIDTH14_INPUT_NUM32_STAGES_PER_REG4_12
GEMV_shared_block2_inst/u_Accumulation_top/adder_tree_4__u_adder_tree_reg   2293.0740     1.0    864.3600   1428.7140 0.0000 adder_tree_reg_INPUT_WIDTH14_INPUT_NUM32_STAGES_PER_REG4_11
GEMV_shared_block2_inst/u_Accumulation_top/adder_tree_5__u_adder_tree_reg   2292.9480     1.0    864.2340   1428.7140 0.0000 adder_tree_reg_INPUT_WIDTH14_INPUT_NUM32_STAGES_PER_REG4_10
GEMV_shared_block2_inst/u_Accumulation_top/adder_tree_6__u_adder_tree_reg   2292.8220     1.0    864.1080   1428.7140 0.0000 adder_tree_reg_INPUT_WIDTH14_INPUT_NUM32_STAGES_PER_REG4_9
GEMV_shared_block2_inst/u_Accumulation_top/adder_tree_7__u_adder_tree_reg   2293.0740     1.0    864.3600   1428.7140 0.0000 adder_tree_reg_INPUT_WIDTH14_INPUT_NUM32_STAGES_PER_REG4_8
GEMV_shared_block2_inst/u_Accumulation_top/adder_tree_8__u_adder_tree_reg   2293.0740     1.0    864.3600   1428.7140 0.0000 adder_tree_reg_INPUT_WIDTH14_INPUT_NUM32_STAGES_PER_REG4_7
GEMV_shared_block2_inst/u_Accumulation_top/adder_tree_9__u_adder_tree_reg   2293.0740     1.0    864.3600   1428.7140 0.0000 adder_tree_reg_INPUT_WIDTH14_INPUT_NUM32_STAGES_PER_REG4_6
GEMV_shared_block2_inst/u_Accumulation_top/bit_serial_accumulation_0__u_bit_serial_acc    288.9180     0.1    205.0020     83.9160 0.0000 bit_serial_acc_ADDER_TREE_WIDTH14_BIT_SERIAL_ACC_WIDTH23_COMPUTE_CYCLE9_ROUND128_15
GEMV_shared_block2_inst/u_Accumulation_top/bit_serial_accumulation_10__u_bit_serial_acc    286.1460     0.1    202.2300     83.9160 0.0000 bit_serial_acc_ADDER_TREE_WIDTH14_BIT_SERIAL_ACC_WIDTH23_COMPUTE_CYCLE9_ROUND128_5
GEMV_shared_block2_inst/u_Accumulation_top/bit_serial_accumulation_11__u_bit_serial_acc    288.9180     0.1    205.0020     83.9160 0.0000 bit_serial_acc_ADDER_TREE_WIDTH14_BIT_SERIAL_ACC_WIDTH23_COMPUTE_CYCLE9_ROUND128_4
GEMV_shared_block2_inst/u_Accumulation_top/bit_serial_accumulation_12__u_bit_serial_acc    288.9180     0.1    205.0020     83.9160 0.0000 bit_serial_acc_ADDER_TREE_WIDTH14_BIT_SERIAL_ACC_WIDTH23_COMPUTE_CYCLE9_ROUND128_3
GEMV_shared_block2_inst/u_Accumulation_top/bit_serial_accumulation_13__u_bit_serial_acc    286.1460     0.1    202.2300     83.9160 0.0000 bit_serial_acc_ADDER_TREE_WIDTH14_BIT_SERIAL_ACC_WIDTH23_COMPUTE_CYCLE9_ROUND128_2
GEMV_shared_block2_inst/u_Accumulation_top/bit_serial_accumulation_14__u_bit_serial_acc    288.9180     0.1    205.0020     83.9160 0.0000 bit_serial_acc_ADDER_TREE_WIDTH14_BIT_SERIAL_ACC_WIDTH23_COMPUTE_CYCLE9_ROUND128_1
GEMV_shared_block2_inst/u_Accumulation_top/bit_serial_accumulation_15__u_bit_serial_acc    288.9180     0.1    205.0020     83.9160 0.0000 bit_serial_acc_ADDER_TREE_WIDTH14_BIT_SERIAL_ACC_WIDTH23_COMPUTE_CYCLE9_ROUND128_0
GEMV_shared_block2_inst/u_Accumulation_top/bit_serial_accumulation_1__u_bit_serial_acc    287.9100     0.1    203.9940     83.9160 0.0000 bit_serial_acc_ADDER_TREE_WIDTH14_BIT_SERIAL_ACC_WIDTH23_COMPUTE_CYCLE9_ROUND128_14
GEMV_shared_block2_inst/u_Accumulation_top/bit_serial_accumulation_2__u_bit_serial_acc    287.9100     0.1    203.9940     83.9160 0.0000 bit_serial_acc_ADDER_TREE_WIDTH14_BIT_SERIAL_ACC_WIDTH23_COMPUTE_CYCLE9_ROUND128_13
GEMV_shared_block2_inst/u_Accumulation_top/bit_serial_accumulation_3__u_bit_serial_acc    288.5400     0.1    204.6240     83.9160 0.0000 bit_serial_acc_ADDER_TREE_WIDTH14_BIT_SERIAL_ACC_WIDTH23_COMPUTE_CYCLE9_ROUND128_12
GEMV_shared_block2_inst/u_Accumulation_top/bit_serial_accumulation_4__u_bit_serial_acc    288.9180     0.1    205.0020     83.9160 0.0000 bit_serial_acc_ADDER_TREE_WIDTH14_BIT_SERIAL_ACC_WIDTH23_COMPUTE_CYCLE9_ROUND128_11
GEMV_shared_block2_inst/u_Accumulation_top/bit_serial_accumulation_5__u_bit_serial_acc    287.9100     0.1    203.9940     83.9160 0.0000 bit_serial_acc_ADDER_TREE_WIDTH14_BIT_SERIAL_ACC_WIDTH23_COMPUTE_CYCLE9_ROUND128_10
GEMV_shared_block2_inst/u_Accumulation_top/bit_serial_accumulation_6__u_bit_serial_acc    289.8000     0.1    205.8840     83.9160 0.0000 bit_serial_acc_ADDER_TREE_WIDTH14_BIT_SERIAL_ACC_WIDTH23_COMPUTE_CYCLE9_ROUND128_9
GEMV_shared_block2_inst/u_Accumulation_top/bit_serial_accumulation_7__u_bit_serial_acc    287.5320     0.1    203.6160     83.9160 0.0000 bit_serial_acc_ADDER_TREE_WIDTH14_BIT_SERIAL_ACC_WIDTH23_COMPUTE_CYCLE9_ROUND128_8
GEMV_shared_block2_inst/u_Accumulation_top/bit_serial_accumulation_8__u_bit_serial_acc    288.2880     0.1    204.3720     83.9160 0.0000 bit_serial_acc_ADDER_TREE_WIDTH14_BIT_SERIAL_ACC_WIDTH23_COMPUTE_CYCLE9_ROUND128_7
GEMV_shared_block2_inst/u_Accumulation_top/bit_serial_accumulation_9__u_bit_serial_acc    286.1460     0.1    202.2300     83.9160 0.0000 bit_serial_acc_ADDER_TREE_WIDTH14_BIT_SERIAL_ACC_WIDTH23_COMPUTE_CYCLE9_ROUND128_6
K_M3D_unshared_block1              55891.3314     24.4       7.3080       0.0000  0.0000  M3D_unshared_block1_MACRO_COLUMN2_MACRO_ROW64_BANK_COLUMN64_BANK_ROW1024_EXP_WIDTH8_MANTISSA_WIDTH7_SIGN_WIDTH1_FP_WIDTH16_Q_BUF_ADDR_WIDTH1_COMPUTE_CYCLE9_BANK_NUM9_log2_MACRO_ROW6_log2_MACRO_COLUMN1_PARALLEL_ROW16_MACRO_DATA_WIDTH32_MACROS_ADDR_WIDTH7
K_M3D_unshared_block1/cmIn_control_inst    240.4080     0.1    231.3360      9.0720 0.0000 cmIn_control_MACRO_DATA_WIDTH32_COMPUTE_CYCLE9_MACROS_ADDR_WIDTH7_BANK_DATA_WIDTH512_BANK_NUM9_MACRO_ROW64_MACRO_COLUMN2_COL_BLOCK_SIZE16_Q_BUF_ADDR_WIDTH1
K_M3D_unshared_block1/genblk1_0__u_data_wr_exp_max_buf   3259.7460     1.4   1298.9340   1960.8120 0.0000 center_buf_DATA_WIDTH8_DEPTH128_log2_DEPTH7_31
K_M3D_unshared_block1/genblk1_10__u_data_wr_exp_max_buf   3259.7460     1.4   1298.9340   1960.8120 0.0000 center_buf_DATA_WIDTH8_DEPTH128_log2_DEPTH7_21
K_M3D_unshared_block1/genblk1_11__u_data_wr_exp_max_buf   3259.7460     1.4   1298.9340   1960.8120 0.0000 center_buf_DATA_WIDTH8_DEPTH128_log2_DEPTH7_20
K_M3D_unshared_block1/genblk1_12__u_data_wr_exp_max_buf   3259.7460     1.4   1298.9340   1960.8120 0.0000 center_buf_DATA_WIDTH8_DEPTH128_log2_DEPTH7_19
K_M3D_unshared_block1/genblk1_13__u_data_wr_exp_max_buf   3259.7460     1.4   1298.9340   1960.8120 0.0000 center_buf_DATA_WIDTH8_DEPTH128_log2_DEPTH7_18
K_M3D_unshared_block1/genblk1_14__u_data_wr_exp_max_buf   3259.7460     1.4   1298.9340   1960.8120 0.0000 center_buf_DATA_WIDTH8_DEPTH128_log2_DEPTH7_17
K_M3D_unshared_block1/genblk1_15__u_data_wr_exp_max_buf   3259.7460     1.4   1298.9340   1960.8120 0.0000 center_buf_DATA_WIDTH8_DEPTH128_log2_DEPTH7_16
K_M3D_unshared_block1/genblk1_1__u_data_wr_exp_max_buf   3259.7460     1.4   1298.9340   1960.8120 0.0000 center_buf_DATA_WIDTH8_DEPTH128_log2_DEPTH7_30
K_M3D_unshared_block1/genblk1_2__u_data_wr_exp_max_buf   3259.7460     1.4   1298.9340   1960.8120 0.0000 center_buf_DATA_WIDTH8_DEPTH128_log2_DEPTH7_29
K_M3D_unshared_block1/genblk1_3__u_data_wr_exp_max_buf   3259.7460     1.4   1298.9340   1960.8120 0.0000 center_buf_DATA_WIDTH8_DEPTH128_log2_DEPTH7_28
K_M3D_unshared_block1/genblk1_4__u_data_wr_exp_max_buf   3259.7460     1.4   1298.9340   1960.8120 0.0000 center_buf_DATA_WIDTH8_DEPTH128_log2_DEPTH7_27
K_M3D_unshared_block1/genblk1_5__u_data_wr_exp_max_buf   3259.7460     1.4   1298.9340   1960.8120 0.0000 center_buf_DATA_WIDTH8_DEPTH128_log2_DEPTH7_26
K_M3D_unshared_block1/genblk1_6__u_data_wr_exp_max_buf   3259.7460     1.4   1298.9340   1960.8120 0.0000 center_buf_DATA_WIDTH8_DEPTH128_log2_DEPTH7_25
K_M3D_unshared_block1/genblk1_7__u_data_wr_exp_max_buf   3259.7460     1.4   1298.9340   1960.8120 0.0000 center_buf_DATA_WIDTH8_DEPTH128_log2_DEPTH7_24
K_M3D_unshared_block1/genblk1_8__u_data_wr_exp_max_buf   3259.7460     1.4   1298.9340   1960.8120 0.0000 center_buf_DATA_WIDTH8_DEPTH128_log2_DEPTH7_23
K_M3D_unshared_block1/genblk1_9__u_data_wr_exp_max_buf   3259.7460     1.4   1298.9340   1960.8120 0.0000 center_buf_DATA_WIDTH8_DEPTH128_log2_DEPTH7_22
K_M3D_unshared_block1/q_cache_control_inst    685.9440     0.3      4.9140    681.0300 0.0000 q_cache_control_MACRO_ROW64_Q_BUF_ADDR_WIDTH1_MACRO_DATA_WIDTH32_EXP_WIDTH8_MANTISSA_WIDTH7_SIGN_WIDTH1_FP_WIDTH16_COL_BLOCK_SIZE16_log2_COL_BLOCK_SIZE4
K_M3D_unshared_block1/u_dram_banks      3.7800     0.0       0.8820       2.8980  0.0000  DRAM_banks_MACROS_ADDR_WIDTH7_BANK_DATA_WIDTH512_BANK_NUM9_MACRO_DATA_WIDTH32_COL_BLOCK_SIZE16_MACRO_COLUMN2_MACRO_ROW64
K_M3D_unshared_block1/u_q_buf_exp     76.2300      0.0       8.4420      67.7880  0.0000  center_buf_DATA_WIDTH8_DEPTH2_log2_DEPTH1
K_M3D_unshared_block1/u_q_buf_mantissa   2694.8880     1.2    769.3560   1925.5320 0.0000 center_buf_DATA_WIDTH288_DEPTH2_log2_DEPTH1
K_M3D_unshared_block1/u_weight_write_control     26.8380     0.0      6.5520     20.2860 0.0000 weight_write_control_BANK_DATA_WIDTH512_BANK_NUM9_MACROS_ADDR_WIDTH7_MACRO_COLUMN2_MACRO_ROW64
K_M3D_unshared_block2               6495.1739      2.8      13.2300      20.2860  0.0000  M3D_unshared_block2_MACRO_ROW64_MACRO_COLUMN2_MACROS_ADDR_WIDTH7_EXP_WIDTH8_MANTISSA_WIDTH7_SIGN_WIDTH1_FP_WIDTH16_PARALLEL_ROW16_Q_BUF_ADDR_WIDTH1
K_M3D_unshared_block2/macro_column_accumulation_0__accumulation_buf_inst    400.8060     0.2     32.0040     43.7220 0.0000 accumulation_buf_MACRO_COLUMN2_MACRO_ROW64_log2_MACRO_ROW6_log2_MACRO_COLUMN1_EXP_WIDTH8_MANTISSA_WIDTH7_SIGN_WIDTH1_FP_WIDTH16_15
K_M3D_unshared_block2/macro_column_accumulation_0__accumulation_buf_inst/u_float_adder_single_cycle    325.0800     0.1    288.7920     36.2880 0.0000 fp_add_single_cycle_EXP_WIDTH8_MANTISSA_WIDTH7_SIGN_WIDTH1_FP_WIDTH16_33
K_M3D_unshared_block2/macro_column_accumulation_10__accumulation_buf_inst    402.5700     0.2     32.0040     43.7220 0.0000 accumulation_buf_MACRO_COLUMN2_MACRO_ROW64_log2_MACRO_ROW6_log2_MACRO_COLUMN1_EXP_WIDTH8_MANTISSA_WIDTH7_SIGN_WIDTH1_FP_WIDTH16_5
K_M3D_unshared_block2/macro_column_accumulation_10__accumulation_buf_inst/u_float_adder_single_cycle    326.8440     0.1    290.5560     36.2880 0.0000 fp_add_single_cycle_EXP_WIDTH8_MANTISSA_WIDTH7_SIGN_WIDTH1_FP_WIDTH16_23
K_M3D_unshared_block2/macro_column_accumulation_11__accumulation_buf_inst    406.8540     0.2     32.0040     43.7220 0.0000 accumulation_buf_MACRO_COLUMN2_MACRO_ROW64_log2_MACRO_ROW6_log2_MACRO_COLUMN1_EXP_WIDTH8_MANTISSA_WIDTH7_SIGN_WIDTH1_FP_WIDTH16_4
K_M3D_unshared_block2/macro_column_accumulation_11__accumulation_buf_inst/u_float_adder_single_cycle    331.1280     0.1    294.8400     36.2880 0.0000 fp_add_single_cycle_EXP_WIDTH8_MANTISSA_WIDTH7_SIGN_WIDTH1_FP_WIDTH16_22
K_M3D_unshared_block2/macro_column_accumulation_12__accumulation_buf_inst    404.5860     0.2     32.0040     43.7220 0.0000 accumulation_buf_MACRO_COLUMN2_MACRO_ROW64_log2_MACRO_ROW6_log2_MACRO_COLUMN1_EXP_WIDTH8_MANTISSA_WIDTH7_SIGN_WIDTH1_FP_WIDTH16_3
K_M3D_unshared_block2/macro_column_accumulation_12__accumulation_buf_inst/u_float_adder_single_cycle    328.8600     0.1    292.5720     36.2880 0.0000 fp_add_single_cycle_EXP_WIDTH8_MANTISSA_WIDTH7_SIGN_WIDTH1_FP_WIDTH16_21
K_M3D_unshared_block2/macro_column_accumulation_13__accumulation_buf_inst    402.0660     0.2     32.0040     43.7220 0.0000 accumulation_buf_MACRO_COLUMN2_MACRO_ROW64_log2_MACRO_ROW6_log2_MACRO_COLUMN1_EXP_WIDTH8_MANTISSA_WIDTH7_SIGN_WIDTH1_FP_WIDTH16_2
K_M3D_unshared_block2/macro_column_accumulation_13__accumulation_buf_inst/u_float_adder_single_cycle    326.3400     0.1    290.0520     36.2880 0.0000 fp_add_single_cycle_EXP_WIDTH8_MANTISSA_WIDTH7_SIGN_WIDTH1_FP_WIDTH16_20
K_M3D_unshared_block2/macro_column_accumulation_14__accumulation_buf_inst    397.7820     0.2     32.0040     43.7220 0.0000 accumulation_buf_MACRO_COLUMN2_MACRO_ROW64_log2_MACRO_ROW6_log2_MACRO_COLUMN1_EXP_WIDTH8_MANTISSA_WIDTH7_SIGN_WIDTH1_FP_WIDTH16_1
K_M3D_unshared_block2/macro_column_accumulation_14__accumulation_buf_inst/u_float_adder_single_cycle    322.0560     0.1    285.7680     36.2880 0.0000 fp_add_single_cycle_EXP_WIDTH8_MANTISSA_WIDTH7_SIGN_WIDTH1_FP_WIDTH16_19
K_M3D_unshared_block2/macro_column_accumulation_15__accumulation_buf_inst    411.2640     0.2     32.0040     43.7220 0.0000 accumulation_buf_MACRO_COLUMN2_MACRO_ROW64_log2_MACRO_ROW6_log2_MACRO_COLUMN1_EXP_WIDTH8_MANTISSA_WIDTH7_SIGN_WIDTH1_FP_WIDTH16_0
K_M3D_unshared_block2/macro_column_accumulation_15__accumulation_buf_inst/u_float_adder_single_cycle    335.5380     0.1    299.2500     36.2880 0.0000 fp_add_single_cycle_EXP_WIDTH8_MANTISSA_WIDTH7_SIGN_WIDTH1_FP_WIDTH16_18
K_M3D_unshared_block2/macro_column_accumulation_1__accumulation_buf_inst    400.0500     0.2     32.0040     43.7220 0.0000 accumulation_buf_MACRO_COLUMN2_MACRO_ROW64_log2_MACRO_ROW6_log2_MACRO_COLUMN1_EXP_WIDTH8_MANTISSA_WIDTH7_SIGN_WIDTH1_FP_WIDTH16_14
K_M3D_unshared_block2/macro_column_accumulation_1__accumulation_buf_inst/u_float_adder_single_cycle    324.3240     0.1    288.0360     36.2880 0.0000 fp_add_single_cycle_EXP_WIDTH8_MANTISSA_WIDTH7_SIGN_WIDTH1_FP_WIDTH16_32
K_M3D_unshared_block2/macro_column_accumulation_2__accumulation_buf_inst    401.8140     0.2     32.0040     43.7220 0.0000 accumulation_buf_MACRO_COLUMN2_MACRO_ROW64_log2_MACRO_ROW6_log2_MACRO_COLUMN1_EXP_WIDTH8_MANTISSA_WIDTH7_SIGN_WIDTH1_FP_WIDTH16_13
K_M3D_unshared_block2/macro_column_accumulation_2__accumulation_buf_inst/u_float_adder_single_cycle    326.0880     0.1    289.2960     36.7920 0.0000 fp_add_single_cycle_EXP_WIDTH8_MANTISSA_WIDTH7_SIGN_WIDTH1_FP_WIDTH16_31
K_M3D_unshared_block2/macro_column_accumulation_3__accumulation_buf_inst    400.8060     0.2     32.0040     43.7220 0.0000 accumulation_buf_MACRO_COLUMN2_MACRO_ROW64_log2_MACRO_ROW6_log2_MACRO_COLUMN1_EXP_WIDTH8_MANTISSA_WIDTH7_SIGN_WIDTH1_FP_WIDTH16_12
K_M3D_unshared_block2/macro_column_accumulation_3__accumulation_buf_inst/u_float_adder_single_cycle    325.0800     0.1    288.7920     36.2880 0.0000 fp_add_single_cycle_EXP_WIDTH8_MANTISSA_WIDTH7_SIGN_WIDTH1_FP_WIDTH16_30
K_M3D_unshared_block2/macro_column_accumulation_4__accumulation_buf_inst    406.8540     0.2     32.0040     43.7220 0.0000 accumulation_buf_MACRO_COLUMN2_MACRO_ROW64_log2_MACRO_ROW6_log2_MACRO_COLUMN1_EXP_WIDTH8_MANTISSA_WIDTH7_SIGN_WIDTH1_FP_WIDTH16_11
K_M3D_unshared_block2/macro_column_accumulation_4__accumulation_buf_inst/u_float_adder_single_cycle    331.1280     0.1    294.8400     36.2880 0.0000 fp_add_single_cycle_EXP_WIDTH8_MANTISSA_WIDTH7_SIGN_WIDTH1_FP_WIDTH16_29
K_M3D_unshared_block2/macro_column_accumulation_5__accumulation_buf_inst    414.4140     0.2     32.0040     43.7220 0.0000 accumulation_buf_MACRO_COLUMN2_MACRO_ROW64_log2_MACRO_ROW6_log2_MACRO_COLUMN1_EXP_WIDTH8_MANTISSA_WIDTH7_SIGN_WIDTH1_FP_WIDTH16_10
K_M3D_unshared_block2/macro_column_accumulation_5__accumulation_buf_inst/u_float_adder_single_cycle    338.6880     0.1    302.4000     36.2880 0.0000 fp_add_single_cycle_EXP_WIDTH8_MANTISSA_WIDTH7_SIGN_WIDTH1_FP_WIDTH16_28
K_M3D_unshared_block2/macro_column_accumulation_6__accumulation_buf_inst    402.3180     0.2     32.0040     43.7220 0.0000 accumulation_buf_MACRO_COLUMN2_MACRO_ROW64_log2_MACRO_ROW6_log2_MACRO_COLUMN1_EXP_WIDTH8_MANTISSA_WIDTH7_SIGN_WIDTH1_FP_WIDTH16_9
K_M3D_unshared_block2/macro_column_accumulation_6__accumulation_buf_inst/u_float_adder_single_cycle    326.5920     0.1    290.3040     36.2880 0.0000 fp_add_single_cycle_EXP_WIDTH8_MANTISSA_WIDTH7_SIGN_WIDTH1_FP_WIDTH16_27
K_M3D_unshared_block2/macro_column_accumulation_7__accumulation_buf_inst    401.3100     0.2     32.0040     43.7220 0.0000 accumulation_buf_MACRO_COLUMN2_MACRO_ROW64_log2_MACRO_ROW6_log2_MACRO_COLUMN1_EXP_WIDTH8_MANTISSA_WIDTH7_SIGN_WIDTH1_FP_WIDTH16_8
K_M3D_unshared_block2/macro_column_accumulation_7__accumulation_buf_inst/u_float_adder_single_cycle    325.5840     0.1    289.2960     36.2880 0.0000 fp_add_single_cycle_EXP_WIDTH8_MANTISSA_WIDTH7_SIGN_WIDTH1_FP_WIDTH16_26
K_M3D_unshared_block2/macro_column_accumulation_8__accumulation_buf_inst    403.0740     0.2     32.0040     43.7220 0.0000 accumulation_buf_MACRO_COLUMN2_MACRO_ROW64_log2_MACRO_ROW6_log2_MACRO_COLUMN1_EXP_WIDTH8_MANTISSA_WIDTH7_SIGN_WIDTH1_FP_WIDTH16_7
K_M3D_unshared_block2/macro_column_accumulation_8__accumulation_buf_inst/u_float_adder_single_cycle    327.3480     0.1    291.0600     36.2880 0.0000 fp_add_single_cycle_EXP_WIDTH8_MANTISSA_WIDTH7_SIGN_WIDTH1_FP_WIDTH16_25
K_M3D_unshared_block2/macro_column_accumulation_9__accumulation_buf_inst    405.0900     0.2     32.0040     43.7220 0.0000 accumulation_buf_MACRO_COLUMN2_MACRO_ROW64_log2_MACRO_ROW6_log2_MACRO_COLUMN1_EXP_WIDTH8_MANTISSA_WIDTH7_SIGN_WIDTH1_FP_WIDTH16_6
K_M3D_unshared_block2/macro_column_accumulation_9__accumulation_buf_inst/u_float_adder_single_cycle    329.3640     0.1    293.0760     36.2880 0.0000 fp_add_single_cycle_EXP_WIDTH8_MANTISSA_WIDTH7_SIGN_WIDTH1_FP_WIDTH16_24
V_M3D_unshared_block1              86215.8769     37.6       6.8040       0.0000  0.0000  M3D_unshared_block1_MACRO_COLUMN32_MACRO_ROW4_BANK_COLUMN1024_BANK_ROW64_EXP_WIDTH8_MANTISSA_WIDTH7_SIGN_WIDTH1_FP_WIDTH16_Q_BUF_ADDR_WIDTH5_COMPUTE_CYCLE9_BANK_NUM9_log2_MACRO_ROW2_log2_MACRO_COLUMN5_PARALLEL_ROW16_MACRO_DATA_WIDTH32_MACROS_ADDR_WIDTH7
V_M3D_unshared_block1/cmIn_control_inst    240.4080     0.1    231.3360      9.0720 0.0000 cmIn_control_MACRO_DATA_WIDTH32_COMPUTE_CYCLE9_MACROS_ADDR_WIDTH7_BANK_DATA_WIDTH512_BANK_NUM9_MACRO_ROW4_MACRO_COLUMN32_COL_BLOCK_SIZE16_Q_BUF_ADDR_WIDTH5
V_M3D_unshared_block1/genblk1_0__u_data_wr_exp_max_buf   3259.7460     1.4   1298.9340   1960.8120 0.0000 center_buf_DATA_WIDTH8_DEPTH128_log2_DEPTH7_15
V_M3D_unshared_block1/genblk1_10__u_data_wr_exp_max_buf   3259.7460     1.4   1298.9340   1960.8120 0.0000 center_buf_DATA_WIDTH8_DEPTH128_log2_DEPTH7_5
V_M3D_unshared_block1/genblk1_11__u_data_wr_exp_max_buf   3259.7460     1.4   1298.9340   1960.8120 0.0000 center_buf_DATA_WIDTH8_DEPTH128_log2_DEPTH7_4
V_M3D_unshared_block1/genblk1_12__u_data_wr_exp_max_buf   3259.7460     1.4   1298.9340   1960.8120 0.0000 center_buf_DATA_WIDTH8_DEPTH128_log2_DEPTH7_3
V_M3D_unshared_block1/genblk1_13__u_data_wr_exp_max_buf   3259.7460     1.4   1298.9340   1960.8120 0.0000 center_buf_DATA_WIDTH8_DEPTH128_log2_DEPTH7_2
V_M3D_unshared_block1/genblk1_14__u_data_wr_exp_max_buf   3259.7460     1.4   1298.9340   1960.8120 0.0000 center_buf_DATA_WIDTH8_DEPTH128_log2_DEPTH7_1
V_M3D_unshared_block1/genblk1_15__u_data_wr_exp_max_buf   3259.7460     1.4   1298.9340   1960.8120 0.0000 center_buf_DATA_WIDTH8_DEPTH128_log2_DEPTH7_0
V_M3D_unshared_block1/genblk1_1__u_data_wr_exp_max_buf   3259.7460     1.4   1298.9340   1960.8120 0.0000 center_buf_DATA_WIDTH8_DEPTH128_log2_DEPTH7_14
V_M3D_unshared_block1/genblk1_2__u_data_wr_exp_max_buf   3259.7460     1.4   1298.9340   1960.8120 0.0000 center_buf_DATA_WIDTH8_DEPTH128_log2_DEPTH7_13
V_M3D_unshared_block1/genblk1_3__u_data_wr_exp_max_buf   3259.7460     1.4   1298.9340   1960.8120 0.0000 center_buf_DATA_WIDTH8_DEPTH128_log2_DEPTH7_12
V_M3D_unshared_block1/genblk1_4__u_data_wr_exp_max_buf   3259.7460     1.4   1298.9340   1960.8120 0.0000 center_buf_DATA_WIDTH8_DEPTH128_log2_DEPTH7_11
V_M3D_unshared_block1/genblk1_5__u_data_wr_exp_max_buf   3259.7460     1.4   1298.9340   1960.8120 0.0000 center_buf_DATA_WIDTH8_DEPTH128_log2_DEPTH7_10
V_M3D_unshared_block1/genblk1_6__u_data_wr_exp_max_buf   3259.7460     1.4   1298.9340   1960.8120 0.0000 center_buf_DATA_WIDTH8_DEPTH128_log2_DEPTH7_9
V_M3D_unshared_block1/genblk1_7__u_data_wr_exp_max_buf   3259.7460     1.4   1298.9340   1960.8120 0.0000 center_buf_DATA_WIDTH8_DEPTH128_log2_DEPTH7_8
V_M3D_unshared_block1/genblk1_8__u_data_wr_exp_max_buf   3259.7460     1.4   1298.9340   1960.8120 0.0000 center_buf_DATA_WIDTH8_DEPTH128_log2_DEPTH7_7
V_M3D_unshared_block1/genblk1_9__u_data_wr_exp_max_buf   3259.7460     1.4   1298.9340   1960.8120 0.0000 center_buf_DATA_WIDTH8_DEPTH128_log2_DEPTH7_6
V_M3D_unshared_block1/q_cache_control_inst    741.1320     0.3     27.0900    714.0420 0.0000 q_cache_control_MACRO_ROW4_Q_BUF_ADDR_WIDTH5_MACRO_DATA_WIDTH32_EXP_WIDTH8_MANTISSA_WIDTH7_SIGN_WIDTH1_FP_WIDTH16_COL_BLOCK_SIZE16_log2_COL_BLOCK_SIZE4
V_M3D_unshared_block1/u_dram_banks      3.7800     0.0       0.8820       2.8980  0.0000  DRAM_banks_MACROS_ADDR_WIDTH7_BANK_DATA_WIDTH512_BANK_NUM9_MACRO_DATA_WIDTH32_COL_BLOCK_SIZE16_MACRO_COLUMN32_MACRO_ROW4
V_M3D_unshared_block1/u_q_buf_exp    845.5860      0.4     299.2500     546.3360  0.0000  center_buf_DATA_WIDTH8_DEPTH32_log2_DEPTH5
V_M3D_unshared_block1/u_q_buf_mantissa  32195.3936    14.1  13940.2617  18255.1319 0.0000 center_buf_DATA_WIDTH288_DEPTH32_log2_DEPTH5
V_M3D_unshared_block1/u_weight_write_control     26.8380     0.0      6.5520     20.2860 0.0000 weight_write_control_BANK_DATA_WIDTH512_BANK_NUM9_MACROS_ADDR_WIDTH7_MACRO_COLUMN32_MACRO_ROW4
V_M3D_unshared_block2               6707.7359      2.9      17.2620      31.8780  0.0000  M3D_unshared_block2_MACRO_ROW4_MACRO_COLUMN32_MACROS_ADDR_WIDTH7_EXP_WIDTH8_MANTISSA_WIDTH7_SIGN_WIDTH1_FP_WIDTH16_PARALLEL_ROW16_Q_BUF_ADDR_WIDTH5
V_M3D_unshared_block2/macro_column_accumulation_0__accumulation_buf_inst    417.0600     0.2     41.3280     52.7940 0.0000 accumulation_buf_MACRO_COLUMN32_MACRO_ROW4_log2_MACRO_ROW2_log2_MACRO_COLUMN5_EXP_WIDTH8_MANTISSA_WIDTH7_SIGN_WIDTH1_FP_WIDTH16_15
V_M3D_unshared_block2/macro_column_accumulation_0__accumulation_buf_inst/u_float_adder_single_cycle    322.9380     0.1    286.6500     36.2880 0.0000 fp_add_single_cycle_EXP_WIDTH8_MANTISSA_WIDTH7_SIGN_WIDTH1_FP_WIDTH16_17
V_M3D_unshared_block2/macro_column_accumulation_10__accumulation_buf_inst    415.5480     0.2     41.3280     52.7940 0.0000 accumulation_buf_MACRO_COLUMN32_MACRO_ROW4_log2_MACRO_ROW2_log2_MACRO_COLUMN5_EXP_WIDTH8_MANTISSA_WIDTH7_SIGN_WIDTH1_FP_WIDTH16_5
V_M3D_unshared_block2/macro_column_accumulation_10__accumulation_buf_inst/u_float_adder_single_cycle    321.4260     0.1    285.1380     36.2880 0.0000 fp_add_single_cycle_EXP_WIDTH8_MANTISSA_WIDTH7_SIGN_WIDTH1_FP_WIDTH16_7
V_M3D_unshared_block2/macro_column_accumulation_11__accumulation_buf_inst    417.9420     0.2     40.1940     52.7940 0.0000 accumulation_buf_MACRO_COLUMN32_MACRO_ROW4_log2_MACRO_ROW2_log2_MACRO_COLUMN5_EXP_WIDTH8_MANTISSA_WIDTH7_SIGN_WIDTH1_FP_WIDTH16_4
V_M3D_unshared_block2/macro_column_accumulation_11__accumulation_buf_inst/u_float_adder_single_cycle    324.9540     0.1    288.6660     36.2880 0.0000 fp_add_single_cycle_EXP_WIDTH8_MANTISSA_WIDTH7_SIGN_WIDTH1_FP_WIDTH16_6
V_M3D_unshared_block2/macro_column_accumulation_12__accumulation_buf_inst    417.5640     0.2     42.3360     52.7940 0.0000 accumulation_buf_MACRO_COLUMN32_MACRO_ROW4_log2_MACRO_ROW2_log2_MACRO_COLUMN5_EXP_WIDTH8_MANTISSA_WIDTH7_SIGN_WIDTH1_FP_WIDTH16_3
V_M3D_unshared_block2/macro_column_accumulation_12__accumulation_buf_inst/u_float_adder_single_cycle    322.4340     0.1    286.1460     36.2880 0.0000 fp_add_single_cycle_EXP_WIDTH8_MANTISSA_WIDTH7_SIGN_WIDTH1_FP_WIDTH16_5
V_M3D_unshared_block2/macro_column_accumulation_13__accumulation_buf_inst    417.8160     0.2     41.3280     52.7940 0.0000 accumulation_buf_MACRO_COLUMN32_MACRO_ROW4_log2_MACRO_ROW2_log2_MACRO_COLUMN5_EXP_WIDTH8_MANTISSA_WIDTH7_SIGN_WIDTH1_FP_WIDTH16_2
V_M3D_unshared_block2/macro_column_accumulation_13__accumulation_buf_inst/u_float_adder_single_cycle    323.6940     0.1    287.4060     36.2880 0.0000 fp_add_single_cycle_EXP_WIDTH8_MANTISSA_WIDTH7_SIGN_WIDTH1_FP_WIDTH16_4
V_M3D_unshared_block2/macro_column_accumulation_14__accumulation_buf_inst    418.3200     0.2     41.3280     52.7940 0.0000 accumulation_buf_MACRO_COLUMN32_MACRO_ROW4_log2_MACRO_ROW2_log2_MACRO_COLUMN5_EXP_WIDTH8_MANTISSA_WIDTH7_SIGN_WIDTH1_FP_WIDTH16_1
V_M3D_unshared_block2/macro_column_accumulation_14__accumulation_buf_inst/u_float_adder_single_cycle    324.1980     0.1    287.9100     36.2880 0.0000 fp_add_single_cycle_EXP_WIDTH8_MANTISSA_WIDTH7_SIGN_WIDTH1_FP_WIDTH16_3
V_M3D_unshared_block2/macro_column_accumulation_15__accumulation_buf_inst    415.8000     0.2     40.1940     52.7940 0.0000 accumulation_buf_MACRO_COLUMN32_MACRO_ROW4_log2_MACRO_ROW2_log2_MACRO_COLUMN5_EXP_WIDTH8_MANTISSA_WIDTH7_SIGN_WIDTH1_FP_WIDTH16_0
V_M3D_unshared_block2/macro_column_accumulation_15__accumulation_buf_inst/u_float_adder_single_cycle    322.8120     0.1    286.5240     36.2880 0.0000 fp_add_single_cycle_EXP_WIDTH8_MANTISSA_WIDTH7_SIGN_WIDTH1_FP_WIDTH16_2
V_M3D_unshared_block2/macro_column_accumulation_1__accumulation_buf_inst    414.4140     0.2     40.0680     52.7940 0.0000 accumulation_buf_MACRO_COLUMN32_MACRO_ROW4_log2_MACRO_ROW2_log2_MACRO_COLUMN5_EXP_WIDTH8_MANTISSA_WIDTH7_SIGN_WIDTH1_FP_WIDTH16_14
V_M3D_unshared_block2/macro_column_accumulation_1__accumulation_buf_inst/u_float_adder_single_cycle    321.5520     0.1    285.2640     36.2880 0.0000 fp_add_single_cycle_EXP_WIDTH8_MANTISSA_WIDTH7_SIGN_WIDTH1_FP_WIDTH16_16
V_M3D_unshared_block2/macro_column_accumulation_2__accumulation_buf_inst    418.5720     0.2     40.1940     52.7940 0.0000 accumulation_buf_MACRO_COLUMN32_MACRO_ROW4_log2_MACRO_ROW2_log2_MACRO_COLUMN5_EXP_WIDTH8_MANTISSA_WIDTH7_SIGN_WIDTH1_FP_WIDTH16_13
V_M3D_unshared_block2/macro_column_accumulation_2__accumulation_buf_inst/u_float_adder_single_cycle    325.5840     0.1    289.2960     36.2880 0.0000 fp_add_single_cycle_EXP_WIDTH8_MANTISSA_WIDTH7_SIGN_WIDTH1_FP_WIDTH16_15
V_M3D_unshared_block2/macro_column_accumulation_3__accumulation_buf_inst    412.7760     0.2     41.3280     52.7940 0.0000 accumulation_buf_MACRO_COLUMN32_MACRO_ROW4_log2_MACRO_ROW2_log2_MACRO_COLUMN5_EXP_WIDTH8_MANTISSA_WIDTH7_SIGN_WIDTH1_FP_WIDTH16_12
V_M3D_unshared_block2/macro_column_accumulation_3__accumulation_buf_inst/u_float_adder_single_cycle    318.6540     0.1    282.3660     36.2880 0.0000 fp_add_single_cycle_EXP_WIDTH8_MANTISSA_WIDTH7_SIGN_WIDTH1_FP_WIDTH16_14
V_M3D_unshared_block2/macro_column_accumulation_4__accumulation_buf_inst    412.3980     0.2     40.1940     52.7940 0.0000 accumulation_buf_MACRO_COLUMN32_MACRO_ROW4_log2_MACRO_ROW2_log2_MACRO_COLUMN5_EXP_WIDTH8_MANTISSA_WIDTH7_SIGN_WIDTH1_FP_WIDTH16_11
V_M3D_unshared_block2/macro_column_accumulation_4__accumulation_buf_inst/u_float_adder_single_cycle    319.4100     0.1    283.1220     36.2880 0.0000 fp_add_single_cycle_EXP_WIDTH8_MANTISSA_WIDTH7_SIGN_WIDTH1_FP_WIDTH16_13
V_M3D_unshared_block2/macro_column_accumulation_5__accumulation_buf_inst    414.4140     0.2     40.1940     52.7940 0.0000 accumulation_buf_MACRO_COLUMN32_MACRO_ROW4_log2_MACRO_ROW2_log2_MACRO_COLUMN5_EXP_WIDTH8_MANTISSA_WIDTH7_SIGN_WIDTH1_FP_WIDTH16_10
V_M3D_unshared_block2/macro_column_accumulation_5__accumulation_buf_inst/u_float_adder_single_cycle    321.4260     0.1    285.1380     36.2880 0.0000 fp_add_single_cycle_EXP_WIDTH8_MANTISSA_WIDTH7_SIGN_WIDTH1_FP_WIDTH16_12
V_M3D_unshared_block2/macro_column_accumulation_6__accumulation_buf_inst    419.2020     0.2     40.4460     52.7940 0.0000 accumulation_buf_MACRO_COLUMN32_MACRO_ROW4_log2_MACRO_ROW2_log2_MACRO_COLUMN5_EXP_WIDTH8_MANTISSA_WIDTH7_SIGN_WIDTH1_FP_WIDTH16_9
V_M3D_unshared_block2/macro_column_accumulation_6__accumulation_buf_inst/u_float_adder_single_cycle    325.9620     0.1    289.6740     36.2880 0.0000 fp_add_single_cycle_EXP_WIDTH8_MANTISSA_WIDTH7_SIGN_WIDTH1_FP_WIDTH16_11
V_M3D_unshared_block2/macro_column_accumulation_7__accumulation_buf_inst    413.5320     0.2     40.1940     52.7940 0.0000 accumulation_buf_MACRO_COLUMN32_MACRO_ROW4_log2_MACRO_ROW2_log2_MACRO_COLUMN5_EXP_WIDTH8_MANTISSA_WIDTH7_SIGN_WIDTH1_FP_WIDTH16_8
V_M3D_unshared_block2/macro_column_accumulation_7__accumulation_buf_inst/u_float_adder_single_cycle    320.5440     0.1    284.2560     36.2880 0.0000 fp_add_single_cycle_EXP_WIDTH8_MANTISSA_WIDTH7_SIGN_WIDTH1_FP_WIDTH16_10
V_M3D_unshared_block2/macro_column_accumulation_8__accumulation_buf_inst    414.4140     0.2     40.1940     52.7940 0.0000 accumulation_buf_MACRO_COLUMN32_MACRO_ROW4_log2_MACRO_ROW2_log2_MACRO_COLUMN5_EXP_WIDTH8_MANTISSA_WIDTH7_SIGN_WIDTH1_FP_WIDTH16_7
V_M3D_unshared_block2/macro_column_accumulation_8__accumulation_buf_inst/u_float_adder_single_cycle    321.4260     0.1    285.1380     36.2880 0.0000 fp_add_single_cycle_EXP_WIDTH8_MANTISSA_WIDTH7_SIGN_WIDTH1_FP_WIDTH16_9
V_M3D_unshared_block2/macro_column_accumulation_9__accumulation_buf_inst    418.8240     0.2     41.3280     52.7940 0.0000 accumulation_buf_MACRO_COLUMN32_MACRO_ROW4_log2_MACRO_ROW2_log2_MACRO_COLUMN5_EXP_WIDTH8_MANTISSA_WIDTH7_SIGN_WIDTH1_FP_WIDTH16_6
V_M3D_unshared_block2/macro_column_accumulation_9__accumulation_buf_inst/u_float_adder_single_cycle    324.7020     0.1    288.4140     36.2880 0.0000 fp_add_single_cycle_EXP_WIDTH8_MANTISSA_WIDTH7_SIGN_WIDTH1_FP_WIDTH16_8
softmax_block2_inst                 1415.6100      0.6       4.9140      63.3780  0.0000  softmax_block2_EXP_WIDTH8_MANTISSA_WIDTH7_SIGN_WIDTH1_FP_WIDTH16_PARALLEL_COL32_BANK_COL1024
softmax_block2_inst/reciprocal_inst   1016.8200     0.4     69.3000     128.5200  0.0000  reciprocal_EXP_WIDTH8_MANTISSA_WIDTH7_SIGN_WIDTH1_FP_WIDTH16
softmax_block2_inst/reciprocal_inst/add_inst     68.7960     0.0     34.7760     34.0200 0.0000 fp_add_single_cycle_EXP_WIDTH8_MANTISSA_WIDTH7_SIGN_WIDTH1_FP_WIDTH16_1
softmax_block2_inst/reciprocal_inst/fp_mul_single_cycle_inst_0     40.3200     0.0     19.9080     20.4120 0.0000 fp_mul_single_cycle_EXP_WIDTH8_MANTISSA_WIDTH7_FP_WIDTH16_2
softmax_block2_inst/reciprocal_inst/xn_cal_inst    709.8840     0.3      0.2520     79.3800 0.0000 Xn_cal_EXP_WIDTH8_MANTISSA_WIDTH7_SIGN_WIDTH1_FP_WIDTH16
softmax_block2_inst/reciprocal_inst/xn_cal_inst/fp_add_single_cycle_0    199.8360     0.1    163.5480     36.2880 0.0000 fp_add_single_cycle_EXP_WIDTH8_MANTISSA_WIDTH7_SIGN_WIDTH1_FP_WIDTH16_0
softmax_block2_inst/reciprocal_inst/xn_cal_inst/fp_mul_single_cycle_0    209.6640     0.1    172.1160     37.5480 0.0000 fp_mul_single_cycle_EXP_WIDTH8_MANTISSA_WIDTH7_FP_WIDTH16_1
softmax_block2_inst/reciprocal_inst/xn_cal_inst/fp_mul_single_cycle_1    220.7520     0.1    184.4640     36.2880 0.0000 fp_mul_single_cycle_EXP_WIDTH8_MANTISSA_WIDTH7_FP_WIDTH16_0
softmax_block2_inst/u_fp_add_single_cycle_0    330.4980     0.1    294.2100     36.2880 0.0000 fp_add_single_cycle_EXP_WIDTH8_MANTISSA_WIDTH7_SIGN_WIDTH1_FP_WIDTH16_34
softmax_block3_inst                 2108.8620      0.9     480.4380    1392.5520  0.0000  softmax_block3_EXP_WIDTH8_MANTISSA_WIDTH7_SIGN_WIDTH1_FP_WIDTH16_PARALLEL_ROW16
softmax_block3_inst/fp_mul_single_cycle_inst    235.8720     0.1    199.5840     36.2880 0.0000 fp_mul_single_cycle_EXP_WIDTH8_MANTISSA_WIDTH7_FP_WIDTH16_3
write_controller_inst               6680.5201      2.9       7.0560       8.6940  0.0000  write_controller_INPUT_WIDTH256_INPUT_NUM1_OUTPUT_NUM4_OUTPUT_RAM_WIDTH1024_OUTPUT_RAM_DEPTH4
write_controller_inst/FIFO_0__u_data_sync_fifo   1666.0980     0.7      7.5600      9.0720 0.0000 sync_fifo_ADDR_WIDTH1_DATA_WIDTH256_3
write_controller_inst/FIFO_0__u_data_sync_fifo/fifo_ram   1649.4660     0.7    681.7860    967.6800 0.0000 sync_fifo_ram_ADDR_WIDTH1_DATA_WIDTH256_FFD_EN0_3
write_controller_inst/FIFO_1__u_data_sync_fifo   1666.4760     0.7      7.5600      9.0720 0.0000 sync_fifo_ADDR_WIDTH1_DATA_WIDTH256_2
write_controller_inst/FIFO_1__u_data_sync_fifo/fifo_ram   1649.8440     0.7    682.1640    967.6800 0.0000 sync_fifo_ram_ADDR_WIDTH1_DATA_WIDTH256_FFD_EN0_2
write_controller_inst/FIFO_2__u_data_sync_fifo   1666.0980     0.7      7.5600      9.0720 0.0000 sync_fifo_ADDR_WIDTH1_DATA_WIDTH256_1
write_controller_inst/FIFO_2__u_data_sync_fifo/fifo_ram   1649.4660     0.7    681.7860    967.6800 0.0000 sync_fifo_ram_ADDR_WIDTH1_DATA_WIDTH256_FFD_EN0_1
write_controller_inst/FIFO_3__u_data_sync_fifo   1666.0980     0.7      7.5600      9.0720 0.0000 sync_fifo_ADDR_WIDTH1_DATA_WIDTH256_0
write_controller_inst/FIFO_3__u_data_sync_fifo/fifo_ram   1649.4660     0.7    681.7860    967.6800 0.0000 sync_fifo_ram_ADDR_WIDTH1_DATA_WIDTH256_FFD_EN0_0
--------------------------------  -----------  -------  -----------  -----------  ------  -------------------------------------------------------------------------------------------------------------------------------------------------------------------------------------------------------------------------------------------------------------
Total                                                   107844.5327  121214.7710  0.0000

1
